
  Fls.c
  Fls_Lcfg.c
  VttCntrl_Fls.c
  VttCntrl_Fls_Cfg.c
  BswM.c
  BswM_Lcfg.c
  BswM_Callout_Stubs.c
  CanIf.c
  CanIf_Lcfg.c
  CanIf_PBcfg.c
  CanSM.c
  CanSM_Lcfg.c
  CanTp.c
  CanTp_Lcfg.c
  CanTp_PBcfg.c
  Com_Unity.c
D:\BSW\Components\Vtt_Common\Implementation\Compiler.h(49,11): error C1083: 포함 파일을 열 수 없습니다. 'Compiler_Cfg.h': No such file or directory [D:\__GIT_1-3-HIL\ECU\Solution\BFC\BFC.vcxproj]
  (소스 파일 '../../../../BSW/Components/VttFls/Implementation/Fls.c'을(를) 컴파일하는 중)
  
D:\BSW\Components\Vtt_Common\Implementation\Compiler.h(49,11): error C1083: 포함 파일을 열 수 없습니다. 'Compiler_Cfg.h': No such file or directory [D:\__GIT_1-3-HIL\ECU\Solution\BFC\BFC.vcxproj]
  (소스 파일 '../../BFC/Appl/GenDataVtt/Fls_Lcfg.c'을(를) 컴파일하는 중)
  
D:\BSW\Components\Vtt_Common\Implementation\Compiler.h(49,11): error C1083: 포함 파일을 열 수 없습니다. 'Compiler_Cfg.h': No such file or directory [D:\__GIT_1-3-HIL\ECU\Solution\BFC\BFC.vcxproj]
  (소스 파일 '../../BFC/Appl/GenDataVtt/BswM_Lcfg.c'을(를) 컴파일하는 중)
  
D:\BSW\Components\Vtt_Common\Implementation\Compiler.h(49,11): error C1083: 포함 파일을 열 수 없습니다. 'Compiler_Cfg.h': No such file or directory [D:\__GIT_1-3-HIL\ECU\Solution\BFC\BFC.vcxproj]
  (소스 파일 '../../BFC/Appl/GenDataVtt/CanTp_Lcfg.c'을(를) 컴파일하는 중)
  
D:\BSW\Components\Vtt_Common\Implementation\Compiler.h(49,11): error C1083: 포함 파일을 열 수 없습니다. 'Compiler_Cfg.h': No such file or directory [D:\__GIT_1-3-HIL\ECU\Solution\BFC\BFC.vcxproj]
  (소스 파일 '../../BFC/Appl/Source/BswM_Callout_Stubs.c'을(를) 컴파일하는 중)
  
D:\BSW\Components\Vtt_Common\Implementation\Compiler.h(49,11): error C1083: 포함 파일을 열 수 없습니다. 'Compiler_Cfg.h': No such file or directory [D:\__GIT_1-3-HIL\ECU\Solution\BFC\BFC.vcxproj]
  (소스 파일 '../../BFC/Appl/GenDataVtt/CanTp_PBcfg.c'을(를) 컴파일하는 중)
  
D:\BSW\Components\Vtt_Common\Implementation\Compiler.h(49,11): error C1083: 포함 파일을 열 수 없습니다. 'Compiler_Cfg.h': No such file or directory [D:\__GIT_1-3-HIL\ECU\Solution\BFC\BFC.vcxproj]
  (소스 파일 '../../../../BSW/Components/BswM/Implementation/BswM.c'을(를) 컴파일하는 중)
  
D:\BSW\Components\Vtt_Common\Implementation\Compiler.h(49,11): error C1083: 포함 파일을 열 수 없습니다. 'Compiler_Cfg.h': No such file or directory [D:\__GIT_1-3-HIL\ECU\Solution\BFC\BFC.vcxproj]
  (소스 파일 '../../BFC/Appl/GenDataVtt/CanSM_Lcfg.c'을(를) 컴파일하는 중)
  
D:\BSW\Components\Vtt_Common\Implementation\Compiler.h(49,11): error C1083: 포함 파일을 열 수 없습니다. 'Compiler_Cfg.h': No such file or directory [D:\__GIT_1-3-HIL\ECU\Solution\BFC\BFC.vcxproj]
  (소스 파일 '../../../../BSW/Components/CanTp/Implementation/CanTp.c'을(를) 컴파일하는 중)
  
D:\BSW\Components\Vtt_Common\Implementation\Compiler.h(49,11): error C1083: 포함 파일을 열 수 없습니다. 'Compiler_Cfg.h': No such file or directory [D:\__GIT_1-3-HIL\ECU\Solution\BFC\BFC.vcxproj]
  (소스 파일 '../../../../BSW/Components/CanSM/Implementation/CanSM.c'을(를) 컴파일하는 중)
  
D:\BSW\Components\Vtt_Common\Implementation\Compiler.h(49,11): error C1083: 포함 파일을 열 수 없습니다. 'Compiler_Cfg.h': No such file or directory [D:\__GIT_1-3-HIL\ECU\Solution\BFC\BFC.vcxproj]
  (소스 파일 '../../../../BSW/Components/Com/Implementation/Com_Unity.c'을(를) 컴파일하는 중)
  
D:\BSW\Components\Vtt_Common\Implementation\Compiler.h(49,11): error C1083: 포함 파일을 열 수 없습니다. 'Compiler_Cfg.h': No such file or directory [D:\__GIT_1-3-HIL\ECU\Solution\BFC\BFC.vcxproj]
  (소스 파일 '../../BFC/Appl/GenDataVtt/CanIf_Lcfg.c'을(를) 컴파일하는 중)
  
D:\BSW\Components\Vtt_Common\Implementation\Compiler.h(49,11): error C1083: 포함 파일을 열 수 없습니다. 'Compiler_Cfg.h': No such file or directory [D:\__GIT_1-3-HIL\ECU\Solution\BFC\BFC.vcxproj]
  (소스 파일 '../../BFC/Appl/GenDataVtt/CanIf_PBcfg.c'을(를) 컴파일하는 중)
  
D:\BSW\Components\Vtt_Common\Implementation\Compiler.h(49,11): error C1083: 포함 파일을 열 수 없습니다. 'Compiler_Cfg.h': No such file or directory [D:\__GIT_1-3-HIL\ECU\Solution\BFC\BFC.vcxproj]
  (소스 파일 '../../../../BSW/Components/CanIf/Implementation/CanIf.c'을(를) 컴파일하는 중)
  
D:\BSW\Components\Vtt_Common\Implementation\Compiler.h(49,11): error C1083: 포함 파일을 열 수 없습니다. 'Compiler_Cfg.h': No such file or directory [D:\__GIT_1-3-HIL\ECU\Solution\BFC\BFC.vcxproj]
  (소스 파일 '../../../../BSW/Components/VttCntrl/Implementation/VttCntrl_Fls.c'을(를) 컴파일하는 중)
  
D:\BSW\Components\Vtt_Common\Implementation\Compiler.h(49,11): error C1083: 포함 파일을 열 수 없습니다. 'Compiler_Cfg.h': No such file or directory [D:\__GIT_1-3-HIL\ECU\Solution\BFC\BFC.vcxproj]
  (소스 파일 '../../BFC/Appl/GenDataVtt/VttCntrl_Fls_Cfg.c'을(를) 컴파일하는 중)
  
  Com_GeneratedMainFunctions.c
  Com_Lcfg.c
  Com_PBcfg.c
  ComM.c
  ComM_BusSM.c
  ComM_Channel_StateTransitions.c
  ComM_Channel_StatusAndState.c
  ComM_Dcm.c
  ComM_EcuMBswM.c
  ComM_ErrorReporting.c
  ComM_Initialization.c
  ComM_MainFunction.c
  ComM_ModeInhibition.c
  ComM_MultiPartitionSynchronization.c
  ComM_Nm.c
  ComM_NvM.c
D:\BSW\Components\Vtt_Common\Implementation\Compiler.h(49,11): error C1083: 포함 파일을 열 수 없습니다. 'Compiler_Cfg.h': No such file or directory [D:\__GIT_1-3-HIL\ECU\Solution\BFC\BFC.vcxproj]
  (소스 파일 '../../BFC/Appl/GenDataVtt/Com_PBcfg.c'을(를) 컴파일하는 중)
  
  ComM_PNC_General.c
D:\BSW\Components\Vtt_Common\Implementation\Compiler.h(49,11): error C1083: 포함 파일을 열 수 없습니다. 'Compiler_Cfg.h': No such file or directory [D:\__GIT_1-3-HIL\ECU\Solution\BFC\BFC.vcxproj]
  (소스 파일 '../../BFC/Appl/GenDataVtt/Com_GeneratedMainFunctions.c'을(를) 컴파일하는 중)
  
D:\BSW\Components\Vtt_Common\Implementation\Compiler.h(49,11): error C1083: 포함 파일을 열 수 없습니다. 'Compiler_Cfg.h': No such file or directory [D:\__GIT_1-3-HIL\ECU\Solution\BFC\BFC.vcxproj]
  (소스 파일 '../../../../BSW/Components/ComM/Implementation/ComM_BusSM.c'을(를) 컴파일하는 중)
  
  ComM_PNC_SignalProcessing.c
  ComM_User.c
D:\BSW\Components\Vtt_Common\Implementation\Compiler.h(49,11): error C1083: 포함 파일을 열 수 없습니다. 'Compiler_Cfg.h': No such file or directory [D:\__GIT_1-3-HIL\ECU\Solution\BFC\BFC.vcxproj]
  (소스 파일 '../../../../BSW/Components/ComM/Implementation/ComM_Channel_StateTransitions.c'을(를) 컴파일하는 중)
  
D:\BSW\Components\Vtt_Common\Implementation\Compiler.h(49,11): error C1083: 포함 파일을 열 수 없습니다. 'Compiler_Cfg.h': No such file or directory [D:\__GIT_1-3-HIL\ECU\Solution\BFC\BFC.vcxproj]
  (소스 파일 '../../../../BSW/Components/ComM/Implementation/ComM.c'을(를) 컴파일하는 중)
  
D:\BSW\Components\Vtt_Common\Implementation\Compiler.h(49,11): error C1083: 포함 파일을 열 수 없습니다. 'Compiler_Cfg.h': No such file or directory [D:\__GIT_1-3-HIL\ECU\Solution\BFC\BFC.vcxproj]
  (소스 파일 '../../BFC/Appl/GenDataVtt/Com_Lcfg.c'을(를) 컴파일하는 중)
  
D:\BSW\Components\Vtt_Common\Implementation\Compiler.h(49,11): error C1083: 포함 파일을 열 수 없습니다. 'Compiler_Cfg.h': No such file or directory [D:\__GIT_1-3-HIL\ECU\Solution\BFC\BFC.vcxproj]
  (소스 파일 '../../../../BSW/Components/ComM/Implementation/ComM_Dcm.c'을(를) 컴파일하는 중)
  
D:\BSW\Components\Vtt_Common\Implementation\Compiler.h(49,11): error C1083: 포함 파일을 열 수 없습니다. 'Compiler_Cfg.h': No such file or directory [D:\__GIT_1-3-HIL\ECU\Solution\BFC\BFC.vcxproj]
  (소스 파일 '../../../../BSW/Components/ComM/Implementation/ComM_MainFunction.c'을(를) 컴파일하는 중)
  
  ComM_Util.c
  ComM_Lcfg.c
D:\BSW\Components\Vtt_Common\Implementation\Compiler.h(49,11): error C1083: 포함 파일을 열 수 없습니다. 'Compiler_Cfg.h': No such file or directory [D:\__GIT_1-3-HIL\ECU\Solution\BFC\BFC.vcxproj]
  (소스 파일 '../../../../BSW/Components/ComM/Implementation/ComM_ErrorReporting.c'을(를) 컴파일하는 중)
  
D:\BSW\Components\Vtt_Common\Implementation\Compiler.h(49,11): error C1083: 포함 파일을 열 수 없습니다. 'Compiler_Cfg.h': No such file or directory [D:\__GIT_1-3-HIL\ECU\Solution\BFC\BFC.vcxproj]
  (소스 파일 '../../../../BSW/Components/ComM/Implementation/ComM_ModeInhibition.c'을(를) 컴파일하는 중)
  
D:\BSW\Components\Vtt_Common\Implementation\Compiler.h(49,11): error C1083: 포함 파일을 열 수 없습니다. 'Compiler_Cfg.h': No such file or directory [D:\__GIT_1-3-HIL\ECU\Solution\BFC\BFC.vcxproj]
  (소스 파일 '../../../../BSW/Components/ComM/Implementation/ComM_Channel_StatusAndState.c'을(를) 컴파일하는 중)
  
  Crc.c
D:\BSW\Components\Vtt_Common\Implementation\Compiler.h(49,11): error C1083: 포함 파일을 열 수 없습니다. 'Compiler_Cfg.h': No such file or directory [D:\__GIT_1-3-HIL\ECU\Solution\BFC\BFC.vcxproj]
  (소스 파일 '../../../../BSW/Components/ComM/Implementation/ComM_Nm.c'을(를) 컴파일하는 중)
  
  Dcm.c
  Dcm_AuthMgr.c
  Dcm_CfgWrap.c
D:\BSW\Components\Vtt_Common\Implementation\Compiler.h(49,11): error C1083: 포함 파일을 열 수 없습니다. 'Compiler_Cfg.h': No such file or directory [D:\__GIT_1-3-HIL\ECU\Solution\BFC\BFC.vcxproj]
  (소스 파일 '../../../../BSW/Components/ComM/Implementation/ComM_NvM.c'을(를) 컴파일하는 중)
  
D:\BSW\Components\Vtt_Common\Implementation\Compiler.h(49,11): error C1083: 포함 파일을 열 수 없습니다. 'Compiler_Cfg.h': No such file or directory [D:\__GIT_1-3-HIL\ECU\Solution\BFC\BFC.vcxproj]
  (소스 파일 '../../../../BSW/Components/ComM/Implementation/ComM_Initialization.c'을(를) 컴파일하는 중)
  
D:\BSW\Components\Vtt_Common\Implementation\Compiler.h(49,11): error C1083: 포함 파일을 열 수 없습니다. 'Compiler_Cfg.h': No such file or directory [D:\__GIT_1-3-HIL\ECU\Solution\BFC\BFC.vcxproj]
  (소스 파일 '../../../../BSW/Components/ComM/Implementation/ComM_MultiPartitionSynchronization.c'을(를) 컴파일하는 중)
  
D:\BSW\Components\Vtt_Common\Implementation\Compiler.h(49,11): error C1083: 포함 파일을 열 수 없습니다. 'Compiler_Cfg.h': No such file or directory [D:\__GIT_1-3-HIL\ECU\Solution\BFC\BFC.vcxproj]
  (소스 파일 '../../../../BSW/Components/ComM/Implementation/ComM_EcuMBswM.c'을(를) 컴파일하는 중)
  
  Dcm_Debug.c
  Dcm_DemIf.c
  Dcm_Diag.c
  Dcm_DidMgr.c
D:\BSW\Components\Vtt_Common\Implementation\Compiler.h(49,11): error C1083: 포함 파일을 열 수 없습니다. 'Compiler_Cfg.h': No such file or directory [D:\__GIT_1-3-HIL\ECU\Solution\BFC\BFC.vcxproj]
  Dcm_FblMgr.c
  (소스 파일 '../../../../BSW/Components/ComM/Implementation/ComM_PNC_General.c'을(를) 컴파일하는 중)
  
  Dcm_MemMgr.c
  Dcm_Mode.c
D:\BSW\Components\Vtt_Common\Implementation\Compiler.h(49,11): error C1083: 포함 파일을 열 수 없습니다. 'Compiler_Cfg.h': No such file or directory [D:\__GIT_1-3-HIL\ECU\Solution\BFC\BFC.vcxproj]
  (소스 파일 '../../../../BSW/Components/ComM/Implementation/ComM_PNC_SignalProcessing.c'을(를) 컴파일하는 중)
  
  Dcm_Net.c
D:\BSW\Components\Vtt_Common\Implementation\Compiler.h(49,11): error C1083: 포함 파일을 열 수 없습니다. 'Compiler_Cfg.h': No such file or directory [D:\__GIT_1-3-HIL\ECU\Solution\BFC\BFC.vcxproj]
  (소스 파일 '../../../../BSW/Components/ComM/Implementation/ComM_User.c'을(를) 컴파일하는 중)
  
D:\BSW\Components\Vtt_Common\Implementation\Compiler.h(49,11): error C1083: 포함 파일을 열 수 없습니다. 'Compiler_Cfg.h': No such file or directory [D:\__GIT_1-3-HIL\ECU\Solution\BFC\BFC.vcxproj]
  (소스 파일 '../../BFC/Appl/GenDataVtt/ComM_Lcfg.c'을(를) 컴파일하는 중)
  
D:\BSW\Components\Vtt_Common\Implementation\Compiler.h(49,11): error C1083: 포함 파일을 열 수 없습니다. 'Compiler_Cfg.h': No such file or directory [D:\__GIT_1-3-HIL\ECU\Solution\BFC\BFC.vcxproj]
  (소스 파일 '../../../../BSW/Components/ComM/Implementation/ComM_Util.c'을(를) 컴파일하는 중)
  
D:\BSW\Components\Vtt_Common\Implementation\Compiler.h(49,11): error C1083: 포함 파일을 열 수 없습니다. 'Compiler_Cfg.h': No such file or directory [D:\__GIT_1-3-HIL\ECU\Solution\BFC\BFC.vcxproj]
  (소스 파일 '../../../../BSW/Components/Dcm/Implementation/Dcm.c'을(를) 컴파일하는 중)
  
  Dcm_NetPbCfg.c
D:\BSW\Components\Vtt_Common\Implementation\Compiler.h(49,11): error C1083: 포함 파일을 열 수 없습니다. 'Compiler_Cfg.h': No such file or directory [D:\__GIT_1-3-HIL\ECU\Solution\BFC\BFC.vcxproj]
  Dcm_ObdDtcMgr.c
  (소스 파일 '../../../../BSW/Components/Dcm/Implementation/Dcm_CfgWrap.c'을(를) 컴파일하는 중)
  
  Dcm_ObdIdMgr.c
D:\BSW\Components\Vtt_Common\Implementation\Compiler.h(49,11): error C1083: 포함 파일을 열 수 없습니다. 'Compiler_Cfg.h': No such file or directory [D:\__GIT_1-3-HIL\ECU\Solution\BFC\BFC.vcxproj]
  (소스 파일 '../../../../BSW/Components/Dcm/Implementation/Dcm_AuthMgr.c'을(를) 컴파일하는 중)
  
D:\BSW\Components\Vtt_Common\Implementation\Compiler.h(49,11): error C1083: 포함 파일을 열 수 없습니다. 'Compiler_Cfg.h': No such file or directory [D:\__GIT_1-3-HIL\ECU\Solution\BFC\BFC.vcxproj]
  (소스 파일 '../../../../BSW/Components/Dcm/Implementation/Dcm_Debug.c'을(를) 컴파일하는 중)
  
  Dcm_PagedBuffer.c
D:\BSW\Components\Vtt_Common\Implementation\Compiler.h(49,11): error C1083: 포함 파일을 열 수 없습니다. 'Compiler_Cfg.h': No such file or directory [D:\__GIT_1-3-HIL\ECU\Solution\BFC\BFC.vcxproj]
  (소스 파일 '../../../../BSW/Components/Crc/Implementation/Crc.c'을(를) 컴파일하는 중)
  
  Dcm_Repeater.c
  Dcm_RidMgr.c
  Dcm_RsrcMgr.c
  Dcm_State.c
D:\BSW\Components\Vtt_Common\Implementation\Compiler.h(49,11): error C1083: 포함 파일을 열 수 없습니다. 'Compiler_Cfg.h': No such file or directory [D:\__GIT_1-3-HIL\ECU\Solution\BFC\BFC.vcxproj]
  (소스 파일 '../../../../BSW/Components/Dcm/Implementation/Dcm_Diag.c'을(를) 컴파일하는 중)
  
  Dcm_Svc01.c
D:\BSW\Components\Vtt_Common\Implementation\Compiler.h(49,11): error C1083: 포함 파일을 열 수 없습니다. 'Compiler_Cfg.h': No such file or directory [D:\__GIT_1-3-HIL\ECU\Solution\BFC\BFC.vcxproj]
  (소스 파일 '../../../../BSW/Components/Dcm/Implementation/Dcm_DemIf.c'을(를) 컴파일하는 중)
  
D:\BSW\Components\Vtt_Common\Implementation\Compiler.h(49,11): error C1083: 포함 파일을 열 수 없습니다. 'Compiler_Cfg.h': No such file or directory [D:\__GIT_1-3-HIL\ECU\Solution\BFC\BFC.vcxproj]
  (소스 파일 '../../../../BSW/Components/Dcm/Implementation/Dcm_DidMgr.c'을(를) 컴파일하는 중)
  
D:\BSW\Components\Vtt_Common\Implementation\Compiler.h(49,11): error C1083: 포함 파일을 열 수 없습니다. 'Compiler_Cfg.h': No such file or directory [D:\__GIT_1-3-HIL\ECU\Solution\BFC\BFC.vcxproj]
  (소스 파일 '../../../../BSW/Components/Dcm/Implementation/Dcm_MemMgr.c'을(를) 컴파일하는 중)
  
D:\BSW\Components\Vtt_Common\Implementation\Compiler.h(49,11): error C1083: 포함 파일을 열 수 없습니다. 'Compiler_Cfg.h': No such file or directory [D:\__GIT_1-3-HIL\ECU\Solution\BFC\BFC.vcxproj]
  (소스 파일 '../../../../BSW/Components/Dcm/Implementation/Dcm_Net.c'을(를) 컴파일하는 중)
  
  Dcm_Svc02.c
D:\BSW\Components\Vtt_Common\Implementation\Compiler.h(49,11): error C1083: 포함 파일을 열 수 없습니다. 'Compiler_Cfg.h': No such file or directory [D:\__GIT_1-3-HIL\ECU\Solution\BFC\BFC.vcxproj]
  (소스 파일 '../../../../BSW/Components/Dcm/Implementation/Dcm_FblMgr.c'을(를) 컴파일하는 중)
  
D:\BSW\Components\Vtt_Common\Implementation\Compiler.h(49,11): error C1083: 포함 파일을 열 수 없습니다. 'Compiler_Cfg.h': No such file or directory [D:\__GIT_1-3-HIL\ECU\Solution\BFC\BFC.vcxproj]
  (소스 파일 '../../../../BSW/Components/Dcm/Implementation/Dcm_Mode.c'을(를) 컴파일하는 중)
  
  Dcm_Svc03.c
  Dcm_Svc04.c
  Dcm_Svc06.c
  Dcm_Svc07.c
  Dcm_Svc08.c
D:\BSW\Components\Vtt_Common\Implementation\Compiler.h(49,11): error C1083: 포함 파일을 열 수 없습니다. 'Compiler_Cfg.h': No such file or directory [D:\__GIT_1-3-HIL\ECU\Solution\BFC\BFC.vcxproj]
  (소스 파일 '../../../../BSW/Components/Dcm/Implementation/Dcm_ObdDtcMgr.c'을(를) 컴파일하는 중)
  
  Dcm_Svc09.c
  Dcm_Svc0A.c
D:\BSW\Components\Vtt_Common\Implementation\Compiler.h(49,11): error C1083: 포함 파일을 열 수 없습니다. 'Compiler_Cfg.h': No such file or directory [D:\__GIT_1-3-HIL\ECU\Solution\BFC\BFC.vcxproj]
  (소스 파일 '../../../../BSW/Components/Dcm/Implementation/Dcm_NetPbCfg.c'을(를) 컴파일하는 중)
  
D:\BSW\Components\Vtt_Common\Implementation\Compiler.h(49,11): error C1083: 포함 파일을 열 수 없습니다. 'Compiler_Cfg.h': No such file or directory [D:\__GIT_1-3-HIL\ECU\Solution\BFC\BFC.vcxproj]
  (소스 파일 '../../../../BSW/Components/Dcm/Implementation/Dcm_ObdIdMgr.c'을(를) 컴파일하는 중)
  
D:\BSW\Components\Vtt_Common\Implementation\Compiler.h(49,11): error C1083: 포함 파일을 열 수 없습니다. 'Compiler_Cfg.h': No such file or directory [D:\__GIT_1-3-HIL\ECU\Solution\BFC\BFC.vcxproj]
  (소스 파일 '../../../../BSW/Components/Dcm/Implementation/Dcm_RidMgr.c'을(를) 컴파일하는 중)
  
D:\BSW\Components\Vtt_Common\Implementation\Compiler.h(49,11): error C1083: 포함 파일을 열 수 없습니다. 'Compiler_Cfg.h': No such file or directory [D:\__GIT_1-3-HIL\ECU\Solution\BFC\BFC.vcxproj]
  (소스 파일 '../../../../BSW/Components/Dcm/Implementation/Dcm_PagedBuffer.c'을(를) 컴파일하는 중)
  
  Dcm_Svc10.c
D:\BSW\Components\Vtt_Common\Implementation\Compiler.h(49,11): error C1083: 포함 파일을 열 수 없습니다. 'Compiler_Cfg.h': No such file or directory [D:\__GIT_1-3-HIL\ECU\Solution\BFC\BFC.vcxproj]
  (소스 파일 '../../../../BSW/Components/Dcm/Implementation/Dcm_State.c'을(를) 컴파일하는 중)
  
  Dcm_Svc11.c
D:\BSW\Components\Vtt_Common\Implementation\Compiler.h(49,11): error C1083: 포함 파일을 열 수 없습니다. 'Compiler_Cfg.h': No such file or directory [D:\__GIT_1-3-HIL\ECU\Solution\BFC\BFC.vcxproj]
  (소스 파일 '../../../../BSW/Components/Dcm/Implementation/Dcm_RsrcMgr.c'을(를) 컴파일하는 중)
  
  Dcm_Svc14.c
D:\BSW\Components\Vtt_Common\Implementation\Compiler.h(49,11): error C1083: 포함 파일을 열 수 없습니다. 'Compiler_Cfg.h': No such file or directory [D:\__GIT_1-3-HIL\ECU\Solution\BFC\BFC.vcxproj]
  (소스 파일 '../../../../BSW/Components/Dcm/Implementation/Dcm_Repeater.c'을(를) 컴파일하는 중)
  
  Dcm_Svc19.c
D:\BSW\Components\Vtt_Common\Implementation\Compiler.h(49,11): error C1083: 포함 파일을 열 수 없습니다. 'Compiler_Cfg.h': No such file or directory [D:\__GIT_1-3-HIL\ECU\Solution\BFC\BFC.vcxproj]
  (소스 파일 '../../../../BSW/Components/Dcm/Implementation/Dcm_Svc01.c'을(를) 컴파일하는 중)
  
  Dcm_Svc19Uti.c
D:\BSW\Components\Vtt_Common\Implementation\Compiler.h(49,11): error C1083: 포함 파일을 열 수 없습니다. 'Compiler_Cfg.h': No such file or directory [D:\__GIT_1-3-HIL\ECU\Solution\BFC\BFC.vcxproj]
  (소스 파일 '../../../../BSW/Components/Dcm/Implementation/Dcm_Svc04.c'을(를) 컴파일하는 중)
  
D:\BSW\Components\Vtt_Common\Implementation\Compiler.h(49,11): error C1083: 포함 파일을 열 수 없습니다. 'Compiler_Cfg.h': No such file or directory [D:\__GIT_1-3-HIL\ECU\Solution\BFC\BFC.vcxproj]
  (소스 파일 '../../../../BSW/Components/Dcm/Implementation/Dcm_Svc02.c'을(를) 컴파일하는 중)
  
D:\BSW\Components\Vtt_Common\Implementation\Compiler.h(49,11): error C1083: 포함 파일을 열 수 없습니다. 'Compiler_Cfg.h': No such file or directory [D:\__GIT_1-3-HIL\ECU\Solution\BFC\BFC.vcxproj]
  (소스 파일 '../../../../BSW/Components/Dcm/Implementation/Dcm_Svc06.c'을(를) 컴파일하는 중)
  
  Dcm_Svc22.c
  Dcm_Svc23.c
  Dcm_Svc24.c
  Dcm_Svc27.c
D:\BSW\Components\Vtt_Common\Implementation\Compiler.h(49,11): error C1083: 포함 파일을 열 수 없습니다. 'Compiler_Cfg.h': No such file or directory [D:\__GIT_1-3-HIL\ECU\Solution\BFC\BFC.vcxproj]
  (소스 파일 '../../../../BSW/Components/Dcm/Implementation/Dcm_Svc08.c'을(를) 컴파일하는 중)
  
  Dcm_Svc28.c
D:\BSW\Components\Vtt_Common\Implementation\Compiler.h(49,11): error C1083: 포함 파일을 열 수 없습니다. 'Compiler_Cfg.h': No such file or directory [D:\__GIT_1-3-HIL\ECU\Solution\BFC\BFC.vcxproj]
  (소스 파일 '../../../../BSW/Components/Dcm/Implementation/Dcm_Svc07.c'을(를) 컴파일하는 중)
  
  Dcm_Svc29.c
D:\BSW\Components\Vtt_Common\Implementation\Compiler.h(49,11): error C1083: 포함 파일을 열 수 없습니다. 'Compiler_Cfg.h': No such file or directory [D:\__GIT_1-3-HIL\ECU\Solution\BFC\BFC.vcxproj]
  (소스 파일 '../../../../BSW/Components/Dcm/Implementation/Dcm_Svc03.c'을(를) 컴파일하는 중)
  
D:\BSW\Components\Vtt_Common\Implementation\Compiler.h(49,11): error C1083: 포함 파일을 열 수 없습니다. 'Compiler_Cfg.h': No such file or directory [D:\__GIT_1-3-HIL\ECU\Solution\BFC\BFC.vcxproj]
  (소스 파일 '../../../../BSW/Components/Dcm/Implementation/Dcm_Svc09.c'을(를) 컴파일하는 중)
  
D:\BSW\Components\Vtt_Common\Implementation\Compiler.h(49,11): error C1083: 포함 파일을 열 수 없습니다. 'Compiler_Cfg.h': No such file or directory [D:\__GIT_1-3-HIL\ECU\Solution\BFC\BFC.vcxproj]
  (소스 파일 '../../../../BSW/Components/Dcm/Implementation/Dcm_Svc0A.c'을(를) 컴파일하는 중)
  
  Dcm_Svc2A.c
  Dcm_Svc2ASchd.c
  Dcm_Svc2C.c
  Dcm_Svc2CDefMgr.c
  Dcm_Svc2E.c
D:\BSW\Components\Vtt_Common\Implementation\Compiler.h(49,11): error C1083: 포함 파일을 열 수 없습니다. 'Compiler_Cfg.h': No such file or directory [D:\__GIT_1-3-HIL\ECU\Solution\BFC\BFC.vcxproj]
  (소스 파일 '../../../../BSW/Components/Dcm/Implementation/Dcm_Svc14.c'을(를) 컴파일하는 중)
  
D:\BSW\Components\Vtt_Common\Implementation\Compiler.h(49,11): error C1083: 포함 파일을 열 수 없습니다. 'Compiler_Cfg.h': No such file or directory [D:\__GIT_1-3-HIL\ECU\Solution\BFC\BFC.vcxproj]
  (소스 파일 '../../../../BSW/Components/Dcm/Implementation/Dcm_Svc19.c'을(를) 컴파일하는 중)
  
D:\BSW\Components\Vtt_Common\Implementation\Compiler.h(49,11): error C1083: 포함 파일을 열 수 없습니다. 'Compiler_Cfg.h': No such file or directory [D:\__GIT_1-3-HIL\ECU\Solution\BFC\BFC.vcxproj]
  (소스 파일 '../../../../BSW/Components/Dcm/Implementation/Dcm_Svc10.c'을(를) 컴파일하는 중)
  
D:\BSW\Components\Vtt_Common\Implementation\Compiler.h(49,11): error C1083: 포함 파일을 열 수 없습니다. 'Compiler_Cfg.h': No such file or directory [D:\__GIT_1-3-HIL\ECU\Solution\BFC\BFC.vcxproj]
  (소스 파일 '../../../../BSW/Components/Dcm/Implementation/Dcm_Svc11.c'을(를) 컴파일하는 중)
  
D:\BSW\Components\Vtt_Common\Implementation\Compiler.h(49,11): error C1083: 포함 파일을 열 수 없습니다. 'Compiler_Cfg.h': No such file or directory [D:\__GIT_1-3-HIL\ECU\Solution\BFC\BFC.vcxproj]
  (소스 파일 '../../../../BSW/Components/Dcm/Implementation/Dcm_Svc19Uti.c'을(를) 컴파일하는 중)
  
  Dcm_Svc2F.c
  Dcm_Svc31.c
  Dcm_Svc34.c
D:\BSW\Components\Vtt_Common\Implementation\Compiler.h(49,11): error C1083: 포함 파일을 열 수 없습니다. 'Compiler_Cfg.h': No such file or directory [D:\__GIT_1-3-HIL\ECU\Solution\BFC\BFC.vcxproj]
  (소스 파일 '../../../../BSW/Components/Dcm/Implementation/Dcm_Svc22.c'을(를) 컴파일하는 중)
  
D:\BSW\Components\Vtt_Common\Implementation\Compiler.h(49,11): error C1083: 포함 파일을 열 수 없습니다. 'Compiler_Cfg.h': No such file or directory [D:\__GIT_1-3-HIL\ECU\Solution\BFC\BFC.vcxproj]
  (소스 파일 '../../../../BSW/Components/Dcm/Implementation/Dcm_Svc27.c'을(를) 컴파일하는 중)
  
  Dcm_Svc35.c
  Dcm_Svc36.c
D:\BSW\Components\Vtt_Common\Implementation\Compiler.h(49,11): error C1083: 포함 파일을 열 수 없습니다. 'Compiler_Cfg.h': No such file or directory [D:\__GIT_1-3-HIL\ECU\Solution\BFC\BFC.vcxproj]
  (소스 파일 '../../../../BSW/Components/Dcm/Implementation/Dcm_Svc24.c'을(를) 컴파일하는 중)
  
D:\BSW\Components\Vtt_Common\Implementation\Compiler.h(49,11): error C1083: 포함 파일을 열 수 없습니다. 'Compiler_Cfg.h': No such file or directory [D:\__GIT_1-3-HIL\ECU\Solution\BFC\BFC.vcxproj]
  (소스 파일 '../../../../BSW/Components/Dcm/Implementation/Dcm_Svc23.c'을(를) 컴파일하는 중)
  
  Dcm_Svc37.c
D:\BSW\Components\Vtt_Common\Implementation\Compiler.h(49,11): error C1083: 포함 파일을 열 수 없습니다. 'Compiler_Cfg.h': No such file or directory [D:\__GIT_1-3-HIL\ECU\Solution\BFC\BFC.vcxproj]
  (소스 파일 '../../../../BSW/Components/Dcm/Implementation/Dcm_Svc29.c'을(를) 컴파일하는 중)
  
  Dcm_Svc3D.c
D:\BSW\Components\Vtt_Common\Implementation\Compiler.h(49,11): error C1083: 포함 파일을 열 수 없습니다. 'Compiler_Cfg.h': No such file or directory [D:\__GIT_1-3-HIL\ECU\Solution\BFC\BFC.vcxproj]
  (소스 파일 '../../../../BSW/Components/Dcm/Implementation/Dcm_Svc28.c'을(를) 컴파일하는 중)
  
  Dcm_Svc3E.c
  Dcm_Svc85.c
  Dcm_Svc86.c
D:\BSW\Components\Vtt_Common\Implementation\Compiler.h(49,11): error C1083: 포함 파일을 열 수 없습니다. 'Compiler_Cfg.h': No such file or directory [D:\__GIT_1-3-HIL\ECU\Solution\BFC\BFC.vcxproj]
  (소스 파일 '../../../../BSW/Components/Dcm/Implementation/Dcm_Svc2ASchd.c'을(를) 컴파일하는 중)
  
D:\BSW\Components\Vtt_Common\Implementation\Compiler.h(49,11): error C1083: 포함 파일을 열 수 없습니다. 'Compiler_Cfg.h': No such file or directory [D:\__GIT_1-3-HIL\ECU\Solution\BFC\BFC.vcxproj]
  (소스 파일 '../../../../BSW/Components/Dcm/Implementation/Dcm_Svc2CDefMgr.c'을(를) 컴파일하는 중)
  
D:\BSW\Components\Vtt_Common\Implementation\Compiler.h(49,11): error C1083: 포함 파일을 열 수 없습니다. 'Compiler_Cfg.h': No such file or directory [D:\__GIT_1-3-HIL\ECU\Solution\BFC\BFC.vcxproj]
  (소스 파일 '../../../../BSW/Components/Dcm/Implementation/Dcm_Svc2E.c'을(를) 컴파일하는 중)
  
D:\BSW\Components\Vtt_Common\Implementation\Compiler.h(49,11): error C1083: 포함 파일을 열 수 없습니다. 'Compiler_Cfg.h': No such file or directory [D:\__GIT_1-3-HIL\ECU\Solution\BFC\BFC.vcxproj]
  (소스 파일 '../../../../BSW/Components/Dcm/Implementation/Dcm_Svc2A.c'을(를) 컴파일하는 중)
  
  Dcm_Svc86Schd.c
D:\BSW\Components\Vtt_Common\Implementation\Compiler.h(49,11): error C1083: 포함 파일을 열 수 없습니다. 'Compiler_Cfg.h': No such file or directory [D:\__GIT_1-3-HIL\ECU\Solution\BFC\BFC.vcxproj]
  (소스 파일 '../../../../BSW/Components/Dcm/Implementation/Dcm_Svc2C.c'을(를) 컴파일하는 중)
  
  Dcm_Tmr.c
  Dcm_Tsk.c
  Dcm_Uti.c
  Dcm_VarMgr.c
  Dcm_Lcfg.c
D:\BSW\Components\Vtt_Common\Implementation\Compiler.h(49,11): error C1083: 포함 파일을 열 수 없습니다. 'Compiler_Cfg.h': No such file or directory [D:\__GIT_1-3-HIL\ECU\Solution\BFC\BFC.vcxproj]
  (소스 파일 '../../../../BSW/Components/Dcm/Implementation/Dcm_Svc31.c'을(를) 컴파일하는 중)
  
D:\BSW\Components\Vtt_Common\Implementation\Compiler.h(49,11): error C1083: 포함 파일을 열 수 없습니다. 'Compiler_Cfg.h': No such file or directory [D:\__GIT_1-3-HIL\ECU\Solution\BFC\BFC.vcxproj]
  (소스 파일 '../../../../BSW/Components/Dcm/Implementation/Dcm_Svc2F.c'을(를) 컴파일하는 중)
  
D:\BSW\Components\Vtt_Common\Implementation\Compiler.h(49,11): error C1083: 포함 파일을 열 수 없습니다. 'Compiler_Cfg.h': No such file or directory [D:\__GIT_1-3-HIL\ECU\Solution\BFC\BFC.vcxproj]
  (소스 파일 '../../../../BSW/Components/Dcm/Implementation/Dcm_Svc34.c'을(를) 컴파일하는 중)
  
  Dcm_PBcfg.c
  Dem.c
  Dem_Lcfg.c
D:\BSW\Components\Vtt_Common\Implementation\Compiler.h(49,11): error C1083: 포함 파일을 열 수 없습니다. 'Compiler_Cfg.h': No such file or directory [D:\__GIT_1-3-HIL\ECU\Solution\BFC\BFC.vcxproj]
  (소스 파일 '../../../../BSW/Components/Dcm/Implementation/Dcm_Svc37.c'을(를) 컴파일하는 중)
  
D:\BSW\Components\Vtt_Common\Implementation\Compiler.h(49,11): error C1083: 포함 파일을 열 수 없습니다. 'Compiler_Cfg.h': No such file or directory [D:\__GIT_1-3-HIL\ECU\Solution\BFC\BFC.vcxproj]
  (소스 파일 '../../../../BSW/Components/Dcm/Implementation/Dcm_Svc3D.c'을(를) 컴파일하는 중)
  
D:\BSW\Components\Vtt_Common\Implementation\Compiler.h(49,11): error C1083: 포함 파일을 열 수 없습니다. 'Compiler_Cfg.h': No such file or directory [D:\__GIT_1-3-HIL\ECU\Solution\BFC\BFC.vcxproj]
  (소스 파일 '../../../../BSW/Components/Dcm/Implementation/Dcm_Svc35.c'을(를) 컴파일하는 중)
  
D:\BSW\Components\Vtt_Common\Implementation\Compiler.h(49,11): error C1083: 포함 파일을 열 수 없습니다. 'Compiler_Cfg.h': No such file or directory [D:\__GIT_1-3-HIL\ECU\Solution\BFC\BFC.vcxproj]
  (소스 파일 '../../../../BSW/Components/Dcm/Implementation/Dcm_Svc85.c'을(를) 컴파일하는 중)
  
  Dem_PBcfg.c
D:\BSW\Components\Vtt_Common\Implementation\Compiler.h(49,11): error C1083: 포함 파일을 열 수 없습니다. 'Compiler_Cfg.h': No such file or directory [D:\__GIT_1-3-HIL\ECU\Solution\BFC\BFC.vcxproj]
  (소스 파일 '../../../../BSW/Components/Dcm/Implementation/Dcm_Svc3E.c'을(를) 컴파일하는 중)
  
D:\BSW\Components\Vtt_Common\Implementation\Compiler.h(49,11): error C1083: 포함 파일을 열 수 없습니다. 'Compiler_Cfg.h': No such file or directory [D:\__GIT_1-3-HIL\ECU\Solution\BFC\BFC.vcxproj]
  (소스 파일 '../../../../BSW/Components/Dcm/Implementation/Dcm_Svc36.c'을(를) 컴파일하는 중)
  
D:\BSW\Components\Vtt_Common\Implementation\Compiler.h(49,11): error C1083: 포함 파일을 열 수 없습니다. 'Compiler_Cfg.h': No such file or directory [D:\__GIT_1-3-HIL\ECU\Solution\BFC\BFC.vcxproj]
  (소스 파일 '../../../../BSW/Components/Dcm/Implementation/Dcm_Svc86.c'을(를) 컴파일하는 중)
  
  Det.c
  Det_Cfg.c
D:\BSW\Components\Vtt_Common\Implementation\Compiler.h(49,11): error C1083: 포함 파일을 열 수 없습니다. 'Compiler_Cfg.h': No such file or directory [D:\__GIT_1-3-HIL\ECU\Solution\BFC\BFC.vcxproj]
  (소스 파일 '../../../../BSW/Components/Dcm/Implementation/Dcm_Svc86Schd.c'을(를) 컴파일하는 중)
  
  EcuM.c
D:\BSW\Components\Vtt_Common\Implementation\Compiler.h(49,11): error C1083: 포함 파일을 열 수 없습니다. 'Compiler_Cfg.h': No such file or directory [D:\__GIT_1-3-HIL\ECU\Solution\BFC\BFC.vcxproj]
  (소스 파일 '../../../../BSW/Components/Dcm/Implementation/Dcm_Tmr.c'을(를) 컴파일하는 중)
  
  EcuM_Cfg.c
  EcuM_Init_PBcfg.c
  EcuM_PBcfg.c
  EcuM_Callout_Stubs.c
D:\BSW\Components\Vtt_Common\Implementation\Compiler.h(49,11): error C1083: 포함 파일을 열 수 없습니다. 'Compiler_Cfg.h': No such file or directory [D:\__GIT_1-3-HIL\ECU\Solution\BFC\BFC.vcxproj]
  (소스 파일 '../../../../BSW/Components/Dcm/Implementation/Dcm_Tsk.c'을(를) 컴파일하는 중)
  
  EcuM_Init_Cfg.c
D:\BSW\Components\Vtt_Common\Implementation\Compiler.h(49,11): error C1083: 포함 파일을 열 수 없습니다. 'Compiler_Cfg.h': No such file or directory [D:\__GIT_1-3-HIL\ECU\Solution\BFC\BFC.vcxproj]
  (소스 파일 '../../BFC/Appl/GenDataVtt/Dcm_Lcfg.c'을(를) 컴파일하는 중)
  
D:\BSW\Components\Vtt_Common\Implementation\Compiler.h(49,11): error C1083: 포함 파일을 열 수 없습니다. 'Compiler_Cfg.h': No such file or directory [D:\__GIT_1-3-HIL\ECU\Solution\BFC\BFC.vcxproj]
  (소스 파일 '../../../../BSW/Components/Dcm/Implementation/Dcm_VarMgr.c'을(를) 컴파일하는 중)
  
  MemIf.c
D:\BSW\Components\Vtt_Common\Implementation\Compiler.h(49,11): error C1083: 포함 파일을 열 수 없습니다. 'Compiler_Cfg.h': No such file or directory [D:\__GIT_1-3-HIL\ECU\Solution\BFC\BFC.vcxproj]
  (소스 파일 '../../../../BSW/Components/Dcm/Implementation/Dcm_Uti.c'을(를) 컴파일하는 중)
  
  MemIf_Cfg.c
  NvM.c
D:\BSW\Components\Vtt_Common\Implementation\Compiler.h(49,11): error C1083: 포함 파일을 열 수 없습니다. 'Compiler_Cfg.h': No such file or directory [D:\__GIT_1-3-HIL\ECU\Solution\BFC\BFC.vcxproj]
  (소스 파일 '../../BFC/Appl/GenDataVtt/Dcm_PBcfg.c'을(를) 컴파일하는 중)
  
  NvM_Act.c
D:\BSW\Components\Vtt_Common\Implementation\Compiler.h(49,11): error C1083: 포함 파일을 열 수 없습니다. 'Compiler_Cfg.h': No such file or directory [D:\__GIT_1-3-HIL\ECU\Solution\BFC\BFC.vcxproj]
  (소스 파일 '../../BFC/Appl/GenDataVtt/Dem_Lcfg.c'을(를) 컴파일하는 중)
  
  NvM_Crc.c
D:\BSW\Components\Vtt_Common\Implementation\Compiler.h(49,11): error C1083: 포함 파일을 열 수 없습니다. 'Compiler_Cfg.h': No such file or directory [D:\__GIT_1-3-HIL\ECU\Solution\BFC\BFC.vcxproj]
  (소스 파일 '../../../../BSW/Components/Dem/Implementation/Dem.c'을(를) 컴파일하는 중)
  
  NvM_DataIntegrity.c
  NvM_JobProc.c
D:\BSW\Components\Vtt_Common\Implementation\Compiler.h(49,11): error C1083: 포함 파일을 열 수 없습니다. 'Compiler_Cfg.h': No such file or directory [D:\__GIT_1-3-HIL\ECU\Solution\BFC\BFC.vcxproj]
  (소스 파일 '../../BFC/Appl/GenDataVtt/Dem_PBcfg.c'을(를) 컴파일하는 중)
  
D:\BSW\Components\Vtt_Common\Implementation\Compiler.h(49,11): error C1083: 포함 파일을 열 수 없습니다. 'Compiler_Cfg.h': No such file or directory [D:\__GIT_1-3-HIL\ECU\Solution\BFC\BFC.vcxproj]
  (소스 파일 '../../../../BSW/Components/Det/Implementation/Det.c'을(를) 컴파일하는 중)
  
D:\BSW\Components\Vtt_Common\Implementation\Compiler.h(49,11): error C1083: 포함 파일을 열 수 없습니다. 'Compiler_Cfg.h': No such file or directory [D:\__GIT_1-3-HIL\ECU\Solution\BFC\BFC.vcxproj]
  (소스 파일 '../../BFC/Appl/GenDataVtt/Det_Cfg.c'을(를) 컴파일하는 중)
  
  NvM_Mac.c
D:\BSW\Components\Vtt_Common\Implementation\Compiler.h(49,11): error C1083: 포함 파일을 열 수 없습니다. 'Compiler_Cfg.h': No such file or directory [D:\__GIT_1-3-HIL\ECU\Solution\BFC\BFC.vcxproj]
  (소스 파일 '../../../../BSW/Components/EcuM/Implementation/EcuM.c'을(를) 컴파일하는 중)
  
  NvM_MemIfAbstraction.c
  NvM_MemIfMemoryCore.c
D:\BSW\Components\Vtt_Common\Implementation\Compiler.h(49,11): error C1083: 포함 파일을 열 수 없습니다. 'Compiler_Cfg.h': No such file or directory [D:\__GIT_1-3-HIL\ECU\Solution\BFC\BFC.vcxproj]
  (소스 파일 '../../BFC/Appl/GenDataVtt/EcuM_Init_PBcfg.c'을(를) 컴파일하는 중)
  
  NvM_Qry.c
D:\BSW\Components\Vtt_Common\Implementation\Compiler.h(49,11): error C1083: 포함 파일을 열 수 없습니다. 'Compiler_Cfg.h': No such file or directory [D:\__GIT_1-3-HIL\ECU\Solution\BFC\BFC.vcxproj]
  (소스 파일 '../../BFC/Appl/GenDataVtt/EcuM_Cfg.c'을(를) 컴파일하는 중)
  
D:\BSW\Components\Vtt_Common\Implementation\Compiler.h(49,11): error C1083: 포함 파일을 열 수 없습니다. 'Compiler_Cfg.h': No such file or directory [D:\__GIT_1-3-HIL\ECU\Solution\BFC\BFC.vcxproj]
  (소스 파일 '../../BFC/Appl/Source/EcuM_Callout_Stubs.c'을(를) 컴파일하는 중)
  
  NvM_Queue.c
D:\BSW\Components\Vtt_Common\Implementation\Compiler.h(49,11): error C1083: 포함 파일을 열 수 없습니다. 'Compiler_Cfg.h': No such file or directory [D:\__GIT_1-3-HIL\ECU\Solution\BFC\BFC.vcxproj]
  (소스 파일 '../../BFC/Appl/GenDataVtt/EcuM_PBcfg.c'을(를) 컴파일하는 중)
  
D:\BSW\Components\Vtt_Common\Implementation\Compiler.h(49,11): error C1083: 포함 파일을 열 수 없습니다. 'Compiler_Cfg.h': No such file or directory [D:\__GIT_1-3-HIL\ECU\Solution\BFC\BFC.vcxproj]
  (소스 파일 '../../../../BSW/Components/MemIf/Implementation/MemIf.c'을(를) 컴파일하는 중)
  
D:\BSW\Components\Vtt_Common\Implementation\Compiler.h(49,11): error C1083: 포함 파일을 열 수 없습니다. 'Compiler_Cfg.h': No such file or directory [D:\__GIT_1-3-HIL\ECU\Solution\BFC\BFC.vcxproj]
  (소스 파일 '../../BFC/Appl/GenDataVtt/EcuM_Init_Cfg.c'을(를) 컴파일하는 중)
  
D:\BSW\Components\Vtt_Common\Implementation\Compiler.h(49,11): error C1083: 포함 파일을 열 수 없습니다. 'Compiler_Cfg.h': No such file or directory [D:\__GIT_1-3-HIL\ECU\Solution\BFC\BFC.vcxproj]
  (소스 파일 '../../BFC/Appl/GenDataVtt/MemIf_Cfg.c'을(를) 컴파일하는 중)
  
  NvM_Cfg.c
  PduR.c
D:\BSW\Components\Vtt_Common\Implementation\Compiler.h(49,11): error C1083: 포함 파일을 열 수 없습니다. 'Compiler_Cfg.h': No such file or directory [D:\__GIT_1-3-HIL\ECU\Solution\BFC\BFC.vcxproj]
  PduR_Bm.c
  (소스 파일 '../../../../BSW/Components/NvM/Implementation/NvM_Crc.c'을(를) 컴파일하는 중)
  
D:\BSW\Components\Vtt_Common\Implementation\Compiler.h(49,11): error C1083: 포함 파일을 열 수 없습니다. 'Compiler_Cfg.h': No such file or directory [D:\__GIT_1-3-HIL\ECU\Solution\BFC\BFC.vcxproj]
  PduR_EvC.c
  (소스 파일 '../../../../BSW/Components/NvM/Implementation/NvM_DataIntegrity.c'을(를) 컴파일하는 중)
  
D:\BSW\Components\Vtt_Common\Implementation\Compiler.h(49,11): error C1083: 포함 파일을 열 수 없습니다. 'Compiler_Cfg.h': No such file or directory [D:\__GIT_1-3-HIL\ECU\Solution\BFC\BFC.vcxproj]
  (소스 파일 '../../../../BSW/Components/NvM/Implementation/NvM_Act.c'을(를) 컴파일하는 중)
  
D:\BSW\Components\Vtt_Common\Implementation\Compiler.h(49,11): error C1083: 포함 파일을 열 수 없습니다. 'Compiler_Cfg.h': No such file or directory [D:\__GIT_1-3-HIL\ECU\Solution\BFC\BFC.vcxproj]
  (소스 파일 '../../../../BSW/Components/NvM/Implementation/NvM_JobProc.c'을(를) 컴파일하는 중)
  
  PduR_Fm.c
D:\BSW\Components\Vtt_Common\Implementation\Compiler.h(49,11): error C1083: 포함 파일을 열 수 없습니다. 'Compiler_Cfg.h': No such file or directory [D:\__GIT_1-3-HIL\ECU\Solution\BFC\BFC.vcxproj]
  (소스 파일 '../../../../BSW/Components/NvM/Implementation/NvM.c'을(를) 컴파일하는 중)
  
  PduR_IFQ.c
  PduR_Lock.c
  PduR_McQ.c
  PduR_Mm.c
  PduR_MultipleSourceHandler.c
  PduR_QAL.c
D:\BSW\Components\Vtt_Common\Implementation\Compiler.h(49,11): error C1083: 포함 파일을 열 수 없습니다. 'Compiler_Cfg.h': No such file or directory [D:\__GIT_1-3-HIL\ECU\Solution\BFC\BFC.vcxproj]
  (소스 파일 '../../../../BSW/Components/NvM/Implementation/NvM_Mac.c'을(를) 컴파일하는 중)
  
D:\BSW\Components\Vtt_Common\Implementation\Compiler.h(49,11): error C1083: 포함 파일을 열 수 없습니다. 'Compiler_Cfg.h': No such file or directory [D:\__GIT_1-3-HIL\ECU\Solution\BFC\BFC.vcxproj]
  (소스 파일 '../../../../BSW/Components/NvM/Implementation/NvM_MemIfAbstraction.c'을(를) 컴파일하는 중)
  
D:\BSW\Components\Vtt_Common\Implementation\Compiler.h(49,11): error C1083: 포함 파일을 열 수 없습니다. 'Compiler_Cfg.h': No such file or directory [D:\__GIT_1-3-HIL\ECU\Solution\BFC\BFC.vcxproj]
  (소스 파일 '../../../../BSW/Components/NvM/Implementation/NvM_Qry.c'을(를) 컴파일하는 중)
  
D:\BSW\Components\Vtt_Common\Implementation\Compiler.h(49,11): error C1083: 포함 파일을 열 수 없습니다. 'Compiler_Cfg.h': No such file or directory [D:\__GIT_1-3-HIL\ECU\Solution\BFC\BFC.vcxproj]
  (소스 파일 '../../../../BSW/Components/NvM/Implementation/NvM_MemIfMemoryCore.c'을(를) 컴파일하는 중)
  
  PduR_Reporting.c
  PduR_RmIf.c
  PduR_RmIf_DeferredProcessing.c
  PduR_RmIf_QueueProcessing.c
D:\BSW\Components\Vtt_Common\Implementation\Compiler.h(49,11): error C1083: 포함 파일을 열 수 없습니다. 'Compiler_Cfg.h': No such file or directory [D:\__GIT_1-3-HIL\ECU\Solution\BFC\BFC.vcxproj]
  (소스 파일 '../../../../BSW/Components/NvM/Implementation/NvM_Queue.c'을(를) 컴파일하는 중)
  
  PduR_RmTp.c
D:\BSW\Components\Vtt_Common\Implementation\Compiler.h(49,11): error C1083: 포함 파일을 열 수 없습니다. 'Compiler_Cfg.h': No such file or directory [D:\__GIT_1-3-HIL\ECU\Solution\BFC\BFC.vcxproj]
  (소스 파일 '../../BFC/Appl/GenDataVtt/NvM_Cfg.c'을(를) 컴파일하는 중)
  
D:\BSW\Components\Vtt_Common\Implementation\Compiler.h(49,11): error C1083: 포함 파일을 열 수 없습니다. 'Compiler_Cfg.h': No such file or directory [D:\__GIT_1-3-HIL\ECU\Solution\BFC\BFC.vcxproj]
  (소스 파일 '../../../../BSW/Components/PduR/Implementation/PduR_Bm.c'을(를) 컴파일하는 중)
  
D:\BSW\Components\Vtt_Common\Implementation\Compiler.h(49,11): error C1083: 포함 파일을 열 수 없습니다. 'Compiler_Cfg.h': No such file or directory [D:\__GIT_1-3-HIL\ECU\Solution\BFC\BFC.vcxproj]
  (소스 파일 '../../../../BSW/Components/PduR/Implementation/PduR_Fm.c'을(를) 컴파일하는 중)
  
D:\BSW\Components\Vtt_Common\Implementation\Compiler.h(49,11): error C1083: 포함 파일을 열 수 없습니다. 'Compiler_Cfg.h': No such file or directory [D:\__GIT_1-3-HIL\ECU\Solution\BFC\BFC.vcxproj]
  (소스 파일 '../../../../BSW/Components/PduR/Implementation/PduR_EvC.c'을(를) 컴파일하는 중)
  
  PduR_RmTp_RxInst.c
D:\BSW\Components\Vtt_Common\Implementation\Compiler.h(49,11): error C1083: 포함 파일을 열 수 없습니다. 'Compiler_Cfg.h': No such file or directory [D:\__GIT_1-3-HIL\ECU\Solution\BFC\BFC.vcxproj]
  (소스 파일 '../../../../BSW/Components/PduR/Implementation/PduR.c'을(를) 컴파일하는 중)
  
  PduR_RmTp_RxRouting.c
D:\BSW\Components\Vtt_Common\Implementation\Compiler.h(49,11): error C1083: 포함 파일을 열 수 없습니다. 'Compiler_Cfg.h': No such file or directory [D:\__GIT_1-3-HIL\ECU\Solution\BFC\BFC.vcxproj]
  (소스 파일 '../../../../BSW/Components/PduR/Implementation/PduR_Lock.c'을(를) 컴파일하는 중)
  
D:\BSW\Components\Vtt_Common\Implementation\Compiler.h(49,11): error C1083: 포함 파일을 열 수 없습니다. 'Compiler_Cfg.h': No such file or directory [D:\__GIT_1-3-HIL\ECU\Solution\BFC\BFC.vcxproj]
  (소스 파일 '../../../../BSW/Components/PduR/Implementation/PduR_McQ.c'을(를) 컴파일하는 중)
  
  PduR_RmTp_TxInst.c
  PduR_RmTp_TxRouting.c
D:\BSW\Components\Vtt_Common\Implementation\Compiler.h(49,11): error C1083: 포함 파일을 열 수 없습니다. 'Compiler_Cfg.h': No such file or directory [D:\__GIT_1-3-HIL\ECU\Solution\BFC\BFC.vcxproj]
  (소스 파일 '../../../../BSW/Components/PduR/Implementation/PduR_Mm.c'을(를) 컴파일하는 중)
  
D:\BSW\Components\Vtt_Common\Implementation\Compiler.h(49,11): error C1083: 포함 파일을 열 수 없습니다. 'Compiler_Cfg.h': No such file or directory [D:\__GIT_1-3-HIL\ECU\Solution\BFC\BFC.vcxproj]
  (소스 파일 '../../../../BSW/Components/PduR/Implementation/PduR_IFQ.c'을(를) 컴파일하는 중)
  
  PduR_RPG.c
  PduR_SingleBuffer.c
D:\BSW\Components\Vtt_Common\Implementation\Compiler.h(49,11): error C1083: 포함 파일을 열 수 없습니다. 'Compiler_Cfg.h': No such file or directory [D:\__GIT_1-3-HIL\ECU\Solution\BFC\BFC.vcxproj]
  (소스 파일 '../../../../BSW/Components/PduR/Implementation/PduR_MultipleSourceHandler.c'을(를) 컴파일하는 중)
  
  PduR_Lcfg.c
  PduR_PBcfg.c
  Rte.c
  vstdlib.c
D:\BSW\Components\Vtt_Common\Implementation\Compiler.h(49,11): error C1083: 포함 파일을 열 수 없습니다. 'Compiler_Cfg.h': No such file or directory [D:\__GIT_1-3-HIL\ECU\Solution\BFC\BFC.vcxproj]
  (소스 파일 '../../../../BSW/Components/PduR/Implementation/PduR_QAL.c'을(를) 컴파일하는 중)
  
D:\BSW\Components\Vtt_Common\Implementation\Compiler.h(49,11): error C1083: 포함 파일을 열 수 없습니다. 'Compiler_Cfg.h': No such file or directory [D:\__GIT_1-3-HIL\ECU\Solution\BFC\BFC.vcxproj]
  (소스 파일 '../../../../BSW/Components/PduR/Implementation/PduR_Reporting.c'을(를) 컴파일하는 중)
  
D:\BSW\Components\Vtt_Common\Implementation\Compiler.h(49,11): error C1083: 포함 파일을 열 수 없습니다. 'Compiler_Cfg.h': No such file or directory [D:\__GIT_1-3-HIL\ECU\Solution\BFC\BFC.vcxproj]
  (소스 파일 '../../../../BSW/Components/PduR/Implementation/PduR_RmIf_QueueProcessing.c'을(를) 컴파일하는 중)
  
D:\BSW\Components\Vtt_Common\Implementation\Compiler.h(49,11): error C1083: 포함 파일을 열 수 없습니다. 'Compiler_Cfg.h': No such file or directory [D:\__GIT_1-3-HIL\ECU\Solution\BFC\BFC.vcxproj]
  (소스 파일 '../../../../BSW/Components/PduR/Implementation/PduR_RmIf.c'을(를) 컴파일하는 중)
  
  Adc.c
  Adc_Irq.c
D:\BSW\Components\Vtt_Common\Implementation\Compiler.h(49,11): error C1083: 포함 파일을 열 수 없습니다. 'Compiler_Cfg.h': No such file or directory [D:\__GIT_1-3-HIL\ECU\Solution\BFC\BFC.vcxproj]
  (소스 파일 '../../../../BSW/Components/PduR/Implementation/PduR_RmIf_DeferredProcessing.c'을(를) 컴파일하는 중)
  
D:\BSW\Components\Vtt_Common\Implementation\Compiler.h(49,11): error C1083: 포함 파일을 열 수 없습니다. 'Compiler_Cfg.h': No such file or directory [D:\__GIT_1-3-HIL\ECU\Solution\BFC\BFC.vcxproj]
  (소스 파일 '../../../../BSW/Components/PduR/Implementation/PduR_RmTp.c'을(를) 컴파일하는 중)
  
  Adc_PBcfg.c
  VttCntrl_Adc.c
  VttCntrl_Adc_Cfg.c
  Can.c
D:\BSW\Components\Vtt_Common\Implementation\Compiler.h(49,11): error C1083: 포함 파일을 열 수 없습니다. 'Compiler_Cfg.h': No such file or directory [D:\__GIT_1-3-HIL\ECU\Solution\BFC\BFC.vcxproj]
  (소스 파일 '../../../../BSW/Components/PduR/Implementation/PduR_RmTp_RxRouting.c'을(를) 컴파일하는 중)
  
D:\BSW\Components\Vtt_Common\Implementation\Compiler.h(49,11): error C1083: 포함 파일을 열 수 없습니다. 'Compiler_Cfg.h': No such file or directory [D:\__GIT_1-3-HIL\ECU\Solution\BFC\BFC.vcxproj]
  (소스 파일 '../../../../BSW/Components/PduR/Implementation/PduR_RmTp_RxInst.c'을(를) 컴파일하는 중)
  
  Can_Irq.c
  VttCntrl_Can.c
D:\BSW\Components\Vtt_Common\Implementation\Compiler.h(49,11): error C1083: 포함 파일을 열 수 없습니다. 'Compiler_Cfg.h': No such file or directory [D:\__GIT_1-3-HIL\ECU\Solution\BFC\BFC.vcxproj]
  (소스 파일 '../../../../BSW/Components/PduR/Implementation/PduR_RmTp_TxRouting.c'을(를) 컴파일하는 중)
  
D:\BSW\Components\Vtt_Common\Implementation\Compiler.h(49,11): error C1083: 포함 파일을 열 수 없습니다. 'Compiler_Cfg.h': No such file or directory [D:\__GIT_1-3-HIL\ECU\Solution\BFC\BFC.vcxproj]
  (소스 파일 '../../../../BSW/Components/PduR/Implementation/PduR_RmTp_TxInst.c'을(를) 컴파일하는 중)
  
  Can_Lcfg.c
  Can_PBcfg.c
D:\BSW\Components\Vtt_Common\Implementation\Compiler.h(49,11): error C1083: 포함 파일을 열 수 없습니다. 'Compiler_Cfg.h': No such file or directory [D:\__GIT_1-3-HIL\ECU\Solution\BFC\BFC.vcxproj]
  (소스 파일 '../../../../BSW/Components/PduR/Implementation/PduR_RPG.c'을(를) 컴파일하는 중)
  
D:\BSW\Components\Vtt_Common\Implementation\Compiler.h(49,11): error C1083: 포함 파일을 열 수 없습니다. 'Compiler_Cfg.h': No such file or directory [D:\__GIT_1-3-HIL\ECU\Solution\BFC\BFC.vcxproj]
  (소스 파일 '../../BFC/Appl/GenDataVtt/PduR_PBcfg.c'을(를) 컴파일하는 중)
  
D:\BSW\Components\Vtt_Common\Implementation\Compiler.h(49,11): error C1083: 포함 파일을 열 수 없습니다. 'Compiler_Cfg.h': No such file or directory [D:\__GIT_1-3-HIL\ECU\Solution\BFC\BFC.vcxproj]
  (소스 파일 '../../BFC/Appl/GenDataVtt/PduR_Lcfg.c'을(를) 컴파일하는 중)
  
D:\BSW\Components\Vtt_Common\Implementation\Compiler.h(49,11): error C1083: 포함 파일을 열 수 없습니다. 'Compiler_Cfg.h': No such file or directory [D:\__GIT_1-3-HIL\ECU\Solution\BFC\BFC.vcxproj]
  (소스 파일 '../../../../BSW/Components/PduR/Implementation/PduR_SingleBuffer.c'을(를) 컴파일하는 중)
  
D:\BSW\Components\Vtt_Common\Implementation\Compiler.h(49,11): error C1083: 포함 파일을 열 수 없습니다. 'Compiler_Cfg.h': No such file or directory [D:\__GIT_1-3-HIL\ECU\Solution\BFC\BFC.vcxproj]
  (소스 파일 '../../BFC/Appl/GenDataVtt/Rte.c'을(를) 컴파일하는 중)
  
  VttCntrl_Can_Cfg.c
  VttCntrl_Det.c
D:\BSW\Components\Vtt_Common\Implementation\Compiler.h(49,11): error C1083: 포함 파일을 열 수 없습니다. 'Compiler_Cfg.h': No such file or directory [D:\__GIT_1-3-HIL\ECU\Solution\BFC\BFC.vcxproj]
  VttCntrl_Base.c
  (소스 파일 '../../../../BSW/Components/VStdLib/Implementation/vstdlib.c'을(를) 컴파일하는 중)
  
  VttCntrl_Cfg.c
  Dio.c
D:\BSW\Components\Vtt_Common\Implementation\Compiler.h(49,11): error C1083: 포함 파일을 열 수 없습니다. 'Compiler_Cfg.h': No such file or directory [D:\__GIT_1-3-HIL\ECU\Solution\BFC\BFC.vcxproj]
  (소스 파일 '../../../../BSW/Components/VttAdc/Implementation/Adc.c'을(를) 컴파일하는 중)
  
D:\BSW\Components\Vtt_Common\Implementation\Compiler.h(49,11): error C1083: 포함 파일을 열 수 없습니다. 'Compiler_Cfg.h': No such file or directory [D:\__GIT_1-3-HIL\ECU\Solution\BFC\BFC.vcxproj]
  (소스 파일 '../../BFC/Appl/GenDataVtt/Adc_PBcfg.c'을(를) 컴파일하는 중)
  
D:\BSW\Components\Vtt_Common\Implementation\Compiler.h(49,11): error C1083: 포함 파일을 열 수 없습니다. 'Compiler_Cfg.h': No such file or directory [D:\__GIT_1-3-HIL\ECU\Solution\BFC\BFC.vcxproj]
  (소스 파일 '../../../../BSW/Components/VttAdc/Implementation/Adc_Irq.c'을(를) 컴파일하는 중)
  
  Dio_PBcfg.c
  VttCntrl_Dio.c
  VttCntrl_Dio_Cfg.c
  Mcu.c
D:\BSW\Components\Vtt_Common\Implementation\Compiler.h(49,11): error C1083: 포함 파일을 열 수 없습니다. 'Compiler_Cfg.h': No such file or directory [D:\__GIT_1-3-HIL\ECU\Solution\BFC\BFC.vcxproj]
  (소스 파일 '../../../../BSW/Components/VttCntrl/Implementation/VttCntrl_Adc.c'을(를) 컴파일하는 중)
  
D:\BSW\Components\Vtt_Common\Implementation\Compiler.h(49,11): error C1083: 포함 파일을 열 수 없습니다. 'Compiler_Cfg.h': No such file or directory [D:\__GIT_1-3-HIL\ECU\Solution\BFC\BFC.vcxproj]
  (소스 파일 '../../BFC/Appl/GenDataVtt/VttCntrl_Adc_Cfg.c'을(를) 컴파일하는 중)
  
D:\BSW\Components\Vtt_Common\Implementation\Compiler.h(49,11): error C1083: 포함 파일을 열 수 없습니다. 'Compiler_Cfg.h': No such file or directory [D:\__GIT_1-3-HIL\ECU\Solution\BFC\BFC.vcxproj]
  (소스 파일 '../../../../BSW/Components/VttCan/Implementation/Can_Irq.c'을(를) 컴파일하는 중)
  
D:\BSW\Components\Vtt_Common\Implementation\Compiler.h(49,11): error C1083: 포함 파일을 열 수 없습니다. 'Compiler_Cfg.h': No such file or directory [D:\__GIT_1-3-HIL\ECU\Solution\BFC\BFC.vcxproj]
  (소스 파일 '../../../../BSW/Components/VttCntrl/Implementation/VttCntrl_Can.c'을(를) 컴파일하는 중)
  
  Mcu_PBcfg.c
D:\BSW\Components\Vtt_Common\Implementation\Compiler.h(49,11): error C1083: 포함 파일을 열 수 없습니다. 'Compiler_Cfg.h': No such file or directory [D:\__GIT_1-3-HIL\ECU\Solution\BFC\BFC.vcxproj]
  (소스 파일 '../../BFC/Appl/GenDataVtt/Can_PBcfg.c'을(를) 컴파일하는 중)
  
  VttCntrl_Mcu.c
  Os_AccessCheck.c
D:\BSW\Components\Vtt_Common\Implementation\Compiler.h(49,11): error C1083: 포함 파일을 열 수 없습니다. 'Compiler_Cfg.h': No such file or directory [D:\__GIT_1-3-HIL\ECU\Solution\BFC\BFC.vcxproj]
  (소스 파일 '../../BFC/Appl/GenDataVtt/Can_Lcfg.c'을(를) 컴파일하는 중)
  
  Os_Alarm.c
  Os_Application.c
  Os_ArrayList.c
D:\BSW\Components\Vtt_Common\Implementation\Compiler.h(49,11): error C1083: 포함 파일을 열 수 없습니다. 'Compiler_Cfg.h': No such file or directory [D:\__GIT_1-3-HIL\ECU\Solution\BFC\BFC.vcxproj]
  (소스 파일 '../../../../BSW/Components/VttCan/Implementation/Can.c'을(를) 컴파일하는 중)
  
  Os_Barrier.c
D:\BSW\Components\Vtt_Common\Implementation\Compiler.h(49,11): error C1083: 포함 파일을 열 수 없습니다. 'Compiler_Cfg.h': No such file or directory [D:\__GIT_1-3-HIL\ECU\Solution\BFC\BFC.vcxproj]
  (소스 파일 '../../../../BSW/Components/VttDio/Implementation/Dio.c'을(를) 컴파일하는 중)
  
D:\BSW\Components\Vtt_Common\Implementation\Compiler.h(49,11): error C1083: 포함 파일을 열 수 없습니다. 'Compiler_Cfg.h': No such file or directory [D:\__GIT_1-3-HIL\ECU\Solution\BFC\BFC.vcxproj]
  (소스 파일 '../../BFC/Appl/GenDataVtt/VttCntrl_Can_Cfg.c'을(를) 컴파일하는 중)
  
D:\BSW\Components\Vtt_Common\Implementation\Compiler.h(49,11): error C1083: 포함 파일을 열 수 없습니다. 'Compiler_Cfg.h': No such file or directory [D:\__GIT_1-3-HIL\ECU\Solution\BFC\BFC.vcxproj]
  (소스 파일 '../../BFC/Appl/GenDataVtt/Dio_PBcfg.c'을(를) 컴파일하는 중)
  
D:\BSW\Components\Vtt_Common\Implementation\Compiler.h(49,11): error C1083: 포함 파일을 열 수 없습니다. 'Compiler_Cfg.h': No such file or directory [D:\__GIT_1-3-HIL\ECU\Solution\BFC\BFC.vcxproj]
  (소스 파일 '../../../../BSW/Components/VttCntrl/Implementation/VttCntrl_Dio.c'을(를) 컴파일하는 중)
  
D:\BSW\Components\Vtt_Common\Implementation\Compiler.h(49,11): error C1083: 포함 파일을 열 수 없습니다. 'Compiler_Cfg.h': No such file or directory [D:\__GIT_1-3-HIL\ECU\Solution\BFC\BFC.vcxproj]
  (소스 파일 '../../BFC/Appl/GenDataVtt/VttCntrl_Dio_Cfg.c'을(를) 컴파일하는 중)
  
D:\BSW\Components\Vtt_Common\Implementation\Compiler.h(49,11): error C1083: 포함 파일을 열 수 없습니다. 'Compiler_Cfg.h': No such file or directory [D:\__GIT_1-3-HIL\ECU\Solution\BFC\BFC.vcxproj]
  (소스 파일 '../../../../BSW/Components/VttMcu/Implementation/Mcu.c'을(를) 컴파일하는 중)
  
D:\BSW\Components\Vtt_Common\Implementation\Compiler.h(49,11): error C1083: 포함 파일을 열 수 없습니다. 'Compiler_Cfg.h': No such file or directory [D:\__GIT_1-3-HIL\ECU\Solution\BFC\BFC.vcxproj]
  (소스 파일 '../../../../BSW/Components/VttCntrl/Implementation/VttCntrl_Base.c'을(를) 컴파일하는 중)
  
D:\BSW\Components\Vtt_Common\Implementation\Compiler.h(49,11): error C1083: 포함 파일을 열 수 없습니다. 'Compiler_Cfg.h': No such file or directory [D:\__GIT_1-3-HIL\ECU\Solution\BFC\BFC.vcxproj]
  (소스 파일 '../../../../BSW/Components/VttCntrl/Implementation/VttCntrl_Det.c'을(를) 컴파일하는 중)
  
D:\BSW\Components\Vtt_Common\Implementation\Compiler.h(49,11): error C1083: 포함 파일을 열 수 없습니다. 'Compiler_Cfg.h': No such file or directory [D:\__GIT_1-3-HIL\ECU\Solution\BFC\BFC.vcxproj]
  (소스 파일 '../../BFC/Appl/GenDataVtt/VttCntrl_Cfg.c'을(를) 컴파일하는 중)
  
  Os_Bit.c
  Os_BitArray.c
  Os_Core.c
  Os_Counter.c
  Os_Deque.c
  Os_Error.c
  Os_Event.c
  Os_Fifo.c
  Os_Fifo08.c
D:\BSW\Components\Vtt_Common\Implementation\Compiler.h(49,11): error C1083: 포함 파일을 열 수 없습니다. 'Compiler_Cfg.h': No such file or directory [D:\__GIT_1-3-HIL\ECU\Solution\BFC\BFC.vcxproj]
  (소스 파일 '../../BFC/Appl/GenDataVtt/Mcu_PBcfg.c'을(를) 컴파일하는 중)
  
D:\BSW\Components\Vtt_Common\Implementation\Compiler.h(49,11): error C1083: 포함 파일을 열 수 없습니다. 'Compiler_Cfg.h': No such file or directory [D:\__GIT_1-3-HIL\ECU\Solution\BFC\BFC.vcxproj]
  (소스 파일 '../../../../BSW/Components/VttOs/Implementation/Os_AccessCheck.c'을(를) 컴파일하는 중)
  
D:\BSW\Components\Vtt_Common\Implementation\Compiler.h(49,11): error C1083: 포함 파일을 열 수 없습니다. 'Compiler_Cfg.h': No such file or directory [D:\__GIT_1-3-HIL\ECU\Solution\BFC\BFC.vcxproj]
  (소스 파일 '../../../../BSW/Components/VttOs/Implementation/Os_Alarm.c'을(를) 컴파일하는 중)
  
D:\BSW\Components\Vtt_Common\Implementation\Compiler.h(49,11): error C1083: 포함 파일을 열 수 없습니다. 'Compiler_Cfg.h': No such file or directory [D:\__GIT_1-3-HIL\ECU\Solution\BFC\BFC.vcxproj]
  (소스 파일 '../../../../BSW/Components/VttOs/Implementation/Os_Application.c'을(를) 컴파일하는 중)
  
  Os_Fifo16.c
D:\BSW\Components\Vtt_Common\Implementation\Compiler.h(49,11): error C1083: 포함 파일을 열 수 없습니다. 'Compiler_Cfg.h': No such file or directory [D:\__GIT_1-3-HIL\ECU\Solution\BFC\BFC.vcxproj]
  (소스 파일 '../../../../BSW/Components/VttOs/Implementation/Os_ArrayList.c'을(를) 컴파일하는 중)
  
  Os_Fifo32.c
  Os_FifoRef.c
D:\BSW\Components\Vtt_Common\Implementation\Compiler.h(49,11): error C1083: 포함 파일을 열 수 없습니다. 'Compiler_Cfg.h': No such file or directory [D:\__GIT_1-3-HIL\ECU\Solution\BFC\BFC.vcxproj]
  (소스 파일 '../../../../BSW/Components/VttCntrl/Implementation/VttCntrl_Mcu.c'을(를) 컴파일하는 중)
  
  Os_Hal_Core.c
  Os_Hal_Entry.c
D:\BSW\Components\Vtt_Common\Implementation\Compiler.h(49,11): error C1083: 포함 파일을 열 수 없습니다. 'Compiler_Cfg.h': No such file or directory [D:\__GIT_1-3-HIL\ECU\Solution\BFC\BFC.vcxproj]
  (소스 파일 '../../../../BSW/Components/VttOs/Implementation/Os_Barrier.c'을(를) 컴파일하는 중)
  
  Os_Hal_Processor.c
  Os_Hook.c
D:\BSW\Components\Vtt_Common\Implementation\Compiler.h(49,11): error C1083: 포함 파일을 열 수 없습니다. 'Compiler_Cfg.h': No such file or directory [D:\__GIT_1-3-HIL\ECU\Solution\BFC\BFC.vcxproj]
  (소스 파일 '../../../../BSW/Components/VttOs/Implementation/Os_Core.c'을(를) 컴파일하는 중)
  
D:\BSW\Components\Vtt_Common\Implementation\Compiler.h(49,11): error C1083: 포함 파일을 열 수 없습니다. 'Compiler_Cfg.h': No such file or directory [D:\__GIT_1-3-HIL\ECU\Solution\BFC\BFC.vcxproj]
  (소스 파일 '../../../../BSW/Components/VttOs/Implementation/Os_Bit.c'을(를) 컴파일하는 중)
  
D:\BSW\Components\Vtt_Common\Implementation\Compiler.h(49,11): error C1083: 포함 파일을 열 수 없습니다. 'Compiler_Cfg.h': No such file or directory [D:\__GIT_1-3-HIL\ECU\Solution\BFC\BFC.vcxproj]
  (소스 파일 '../../../../BSW/Components/VttOs/Implementation/Os_BitArray.c'을(를) 컴파일하는 중)
  
D:\BSW\Components\Vtt_Common\Implementation\Compiler.h(49,11): error C1083: 포함 파일을 열 수 없습니다. 'Compiler_Cfg.h': No such file or directory [D:\__GIT_1-3-HIL\ECU\Solution\BFC\BFC.vcxproj]
  (소스 파일 '../../../../BSW/Components/VttOs/Implementation/Os_Counter.c'을(를) 컴파일하는 중)
  
  Os_Interrupt.c
D:\BSW\Components\Vtt_Common\Implementation\Compiler.h(49,11): error C1083: 포함 파일을 열 수 없습니다. 'Compiler_Cfg.h': No such file or directory [D:\__GIT_1-3-HIL\ECU\Solution\BFC\BFC.vcxproj]
  (소스 파일 '../../../../BSW/Components/VttOs/Implementation/Os_Event.c'을(를) 컴파일하는 중)
  
  Os_Ioc.c
  Os_Isr.c
D:\BSW\Components\Vtt_Common\Implementation\Compiler.h(49,11): error C1083: 포함 파일을 열 수 없습니다. 'Compiler_Cfg.h': No such file or directory [D:\__GIT_1-3-HIL\ECU\Solution\BFC\BFC.vcxproj]
  (소스 파일 '../../../../BSW/Components/VttOs/Implementation/Os_Error.c'을(를) 컴파일하는 중)
  
D:\BSW\Components\Vtt_Common\Implementation\Compiler.h(49,11): error C1083: 포함 파일을 열 수 없습니다. 'Compiler_Cfg.h': No such file or directory [D:\__GIT_1-3-HIL\ECU\Solution\BFC\BFC.vcxproj]
  (소스 파일 '../../../../BSW/Components/VttOs/Implementation/Os_Fifo08.c'을(를) 컴파일하는 중)
  
D:\BSW\Components\Vtt_Common\Implementation\Compiler.h(49,11): error C1083: 포함 파일을 열 수 없습니다. 'Compiler_Cfg.h': No such file or directory [D:\__GIT_1-3-HIL\ECU\Solution\BFC\BFC.vcxproj]
  (소스 파일 '../../../../BSW/Components/VttOs/Implementation/Os_Fifo.c'을(를) 컴파일하는 중)
  
D:\BSW\Components\Vtt_Common\Implementation\Compiler.h(49,11): error C1083: 포함 파일을 열 수 없습니다. 'Compiler_Cfg.h': No such file or directory [D:\__GIT_1-3-HIL\ECU\Solution\BFC\BFC.vcxproj]
  (소스 파일 '../../../../BSW/Components/VttOs/Implementation/Os_Deque.c'을(를) 컴파일하는 중)
  
  Os_Job.c
  Os_Lock.c
  Os_MemoryProtection.c
  Os_Peripheral.c
  Os_PriorityQueue.c
  Os_Resource.c
D:\BSW\Components\Vtt_Common\Implementation\Compiler.h(49,11): error C1083: 포함 파일을 열 수 없습니다. 'Compiler_Cfg.h': No such file or directory [D:\__GIT_1-3-HIL\ECU\Solution\BFC\BFC.vcxproj]
  (소스 파일 '../../../../BSW/Components/VttOs/Implementation/Os_Fifo16.c'을(를) 컴파일하는 중)
  
D:\BSW\Components\Vtt_Common\Implementation\Compiler.h(49,11): error C1083: 포함 파일을 열 수 없습니다. 'Compiler_Cfg.h': No such file or directory [D:\__GIT_1-3-HIL\ECU\Solution\BFC\BFC.vcxproj]
  (소스 파일 '../../../../BSW/Components/VttOs/Implementation/Os_Hal_Core.c'을(를) 컴파일하는 중)
  
D:\BSW\Components\Vtt_Common\Implementation\Compiler.h(49,11): error C1083: 포함 파일을 열 수 없습니다. 'Compiler_Cfg.h': No such file or directory [D:\__GIT_1-3-HIL\ECU\Solution\BFC\BFC.vcxproj]
  (소스 파일 '../../../../BSW/Components/VttOs/Implementation/Os_Fifo32.c'을(를) 컴파일하는 중)
  
D:\BSW\Components\Vtt_Common\Implementation\Compiler.h(49,11): error C1083: 포함 파일을 열 수 없습니다. 'Compiler_Cfg.h': No such file or directory [D:\__GIT_1-3-HIL\ECU\Solution\BFC\BFC.vcxproj]
  (소스 파일 '../../../../BSW/Components/VttOs/Implementation/Os_FifoRef.c'을(를) 컴파일하는 중)
  
D:\BSW\Components\Vtt_Common\Implementation\Compiler.h(49,11): error C1083: 포함 파일을 열 수 없습니다. 'Compiler_Cfg.h': No such file or directory [D:\__GIT_1-3-HIL\ECU\Solution\BFC\BFC.vcxproj]
  (소스 파일 '../../../../BSW/Components/VttOs/Implementation/Os_Hal_Processor.c'을(를) 컴파일하는 중)
  
D:\BSW\Components\Vtt_Common\Implementation\Compiler.h(49,11): error C1083: 포함 파일을 열 수 없습니다. 'Compiler_Cfg.h': No such file or directory [D:\__GIT_1-3-HIL\ECU\Solution\BFC\BFC.vcxproj]
  (소스 파일 '../../../../BSW/Components/VttOs/Implementation/Os_Hal_Entry.c'을(를) 컴파일하는 중)
  
  Os_Scheduler.c
D:\BSW\Components\Vtt_Common\Implementation\Compiler.h(49,11): error C1083: 포함 파일을 열 수 없습니다. 'Compiler_Cfg.h': No such file or directory [D:\__GIT_1-3-HIL\ECU\Solution\BFC\BFC.vcxproj]
  (소스 파일 '../../../../BSW/Components/VttOs/Implementation/Os_Hook.c'을(를) 컴파일하는 중)
  
  Os_ScheduleTable.c
  Os_ServiceFunction.c
  Os_Spinlock.c
  Os_Stack.c
  Os_Task.c
  Os_Thread.c
D:\BSW\Components\Vtt_Common\Implementation\Compiler.h(49,11): error C1083: 포함 파일을 열 수 없습니다. 'Compiler_Cfg.h': No such file or directory [D:\__GIT_1-3-HIL\ECU\Solution\BFC\BFC.vcxproj]
  (소스 파일 '../../../../BSW/Components/VttOs/Implementation/Os_Ioc.c'을(를) 컴파일하는 중)
  
D:\BSW\Components\Vtt_Common\Implementation\Compiler.h(49,11): error C1083: 포함 파일을 열 수 없습니다. 'Compiler_Cfg.h': No such file or directory [D:\__GIT_1-3-HIL\ECU\Solution\BFC\BFC.vcxproj]
  (소스 파일 '../../../../BSW/Components/VttOs/Implementation/Os_Interrupt.c'을(를) 컴파일하는 중)
  
D:\BSW\Components\Vtt_Common\Implementation\Compiler.h(49,11): error C1083: 포함 파일을 열 수 없습니다. 'Compiler_Cfg.h': No such file or directory [D:\__GIT_1-3-HIL\ECU\Solution\BFC\BFC.vcxproj]
  (소스 파일 '../../../../BSW/Components/VttOs/Implementation/Os_Isr.c'을(를) 컴파일하는 중)
  
D:\BSW\Components\Vtt_Common\Implementation\Compiler.h(49,11): error C1083: 포함 파일을 열 수 없습니다. 'Compiler_Cfg.h': No such file or directory [D:\__GIT_1-3-HIL\ECU\Solution\BFC\BFC.vcxproj]
  (소스 파일 '../../../../BSW/Components/VttOs/Implementation/Os_Job.c'을(를) 컴파일하는 중)
  
  Os_Timer.c
  Os_TimingProtection.c
  Os_Trace.c
D:\BSW\Components\Vtt_Common\Implementation\Compiler.h(49,11): error C1083: 포함 파일을 열 수 없습니다. 'Compiler_Cfg.h': No such file or directory [D:\__GIT_1-3-HIL\ECU\Solution\BFC\BFC.vcxproj]
  (소스 파일 '../../../../BSW/Components/VttOs/Implementation/Os_MemoryProtection.c'을(를) 컴파일하는 중)
  
D:\BSW\Components\Vtt_Common\Implementation\Compiler.h(49,11): error C1083: 포함 파일을 열 수 없습니다. 'Compiler_Cfg.h': No such file or directory [D:\__GIT_1-3-HIL\ECU\Solution\BFC\BFC.vcxproj]
  (소스 파일 '../../../../BSW/Components/VttOs/Implementation/Os_Lock.c'을(를) 컴파일하는 중)
  
  Os_Trap.c
D:\BSW\Components\Vtt_Common\Implementation\Compiler.h(49,11): error C1083: 포함 파일을 열 수 없습니다. 'Compiler_Cfg.h': No such file or directory [D:\__GIT_1-3-HIL\ECU\Solution\BFC\BFC.vcxproj]
  (소스 파일 '../../../../BSW/Components/VttOs/Implementation/Os_PriorityQueue.c'을(를) 컴파일하는 중)
  
D:\BSW\Components\Vtt_Common\Implementation\Compiler.h(49,11): error C1083: 포함 파일을 열 수 없습니다. 'Compiler_Cfg.h': No such file or directory [D:\__GIT_1-3-HIL\ECU\Solution\BFC\BFC.vcxproj]
  (소스 파일 '../../../../BSW/Components/VttOs/Implementation/Os_Resource.c'을(를) 컴파일하는 중)
  
  Os_XSignal.c
  Os_Callout_Stubs.c
D:\BSW\Components\Vtt_Common\Implementation\Compiler.h(49,11): error C1083: 포함 파일을 열 수 없습니다. 'Compiler_Cfg.h': No such file or directory [D:\__GIT_1-3-HIL\ECU\Solution\BFC\BFC.vcxproj]
  (소스 파일 '../../../../BSW/Components/VttOs/Implementation/Os_Peripheral.c'을(를) 컴파일하는 중)
  
D:\BSW\Components\Vtt_Common\Implementation\Compiler.h(49,11): error C1083: 포함 파일을 열 수 없습니다. 'Compiler_Cfg.h': No such file or directory [D:\__GIT_1-3-HIL\ECU\Solution\BFC\BFC.vcxproj]
  Os_AccessCheck_Lcfg.c
  (소스 파일 '../../../../BSW/Components/VttOs/Implementation/Os_ServiceFunction.c'을(를) 컴파일하는 중)
  
  Os_Alarm_Lcfg.c
D:\BSW\Components\Vtt_Common\Implementation\Compiler.h(49,11): error C1083: 포함 파일을 열 수 없습니다. 'Compiler_Cfg.h': No such file or directory [D:\__GIT_1-3-HIL\ECU\Solution\BFC\BFC.vcxproj]
  (소스 파일 '../../../../BSW/Components/VttOs/Implementation/Os_Scheduler.c'을(를) 컴파일하는 중)
  
  Os_Application_Lcfg.c
  Os_Barrier_Lcfg.c
D:\BSW\Components\Vtt_Common\Implementation\Compiler.h(49,11): error C1083: 포함 파일을 열 수 없습니다. 'Compiler_Cfg.h': No such file or directory [D:\__GIT_1-3-HIL\ECU\Solution\BFC\BFC.vcxproj]
  (소스 파일 '../../../../BSW/Components/VttOs/Implementation/Os_Stack.c'을(를) 컴파일하는 중)
  
  Os_Core_Lcfg.c
D:\BSW\Components\Vtt_Common\Implementation\Compiler.h(49,11): error C1083: 포함 파일을 열 수 없습니다. 'Compiler_Cfg.h': No such file or directory [D:\__GIT_1-3-HIL\ECU\Solution\BFC\BFC.vcxproj]
  (소스 파일 '../../../../BSW/Components/VttOs/Implementation/Os_Spinlock.c'을(를) 컴파일하는 중)
  
D:\BSW\Components\Vtt_Common\Implementation\Compiler.h(49,11): error C1083: 포함 파일을 열 수 없습니다. 'Compiler_Cfg.h': No such file or directory [D:\__GIT_1-3-HIL\ECU\Solution\BFC\BFC.vcxproj]
  (소스 파일 '../../../../BSW/Components/VttOs/Implementation/Os_ScheduleTable.c'을(를) 컴파일하는 중)
  
  Os_Counter_Lcfg.c
D:\BSW\Components\Vtt_Common\Implementation\Compiler.h(49,11): error C1083: 포함 파일을 열 수 없습니다. 'Compiler_Cfg.h': No such file or directory [D:\__GIT_1-3-HIL\ECU\Solution\BFC\BFC.vcxproj]
  (소스 파일 '../../../../BSW/Components/VttOs/Implementation/Os_Thread.c'을(를) 컴파일하는 중)
  
D:\BSW\Components\Vtt_Common\Implementation\Compiler.h(49,11): error C1083: 포함 파일을 열 수 없습니다. 'Compiler_Cfg.h': No such file or directory [D:\__GIT_1-3-HIL\ECU\Solution\BFC\BFC.vcxproj]
  (소스 파일 '../../../../BSW/Components/VttOs/Implementation/Os_Task.c'을(를) 컴파일하는 중)
  
  Os_Error_Lcfg.c
  Os_Hal_Context_Lcfg.c
D:\BSW\Components\Vtt_Common\Implementation\Compiler.h(49,11): error C1083: 포함 파일을 열 수 없습니다. 'Compiler_Cfg.h': No such file or directory [D:\__GIT_1-3-HIL\ECU\Solution\BFC\BFC.vcxproj]
  (소스 파일 '../../../../BSW/Components/VttOs/Implementation/Os_Timer.c'을(를) 컴파일하는 중)
  
  Os_Hal_Core_Lcfg.c
D:\BSW\Components\Vtt_Common\Implementation\Compiler.h(49,11): error C1083: 포함 파일을 열 수 없습니다. 'Compiler_Cfg.h': No such file or directory [D:\__GIT_1-3-HIL\ECU\Solution\BFC\BFC.vcxproj]
  (소스 파일 '../../../../BSW/Components/VttOs/Implementation/Os_TimingProtection.c'을(를) 컴파일하는 중)
  
  Os_Hal_Entry_Lcfg.c
D:\BSW\Components\Vtt_Common\Implementation\Compiler.h(49,11): error C1083: 포함 파일을 열 수 없습니다. 'Compiler_Cfg.h': No such file or directory [D:\__GIT_1-3-HIL\ECU\Solution\BFC\BFC.vcxproj]
  (소스 파일 '../../../../BSW/Components/VttOs/Implementation/Os_Trap.c'을(를) 컴파일하는 중)
  
D:\BSW\Components\Vtt_Common\Implementation\Compiler.h(49,11): error C1083: 포함 파일을 열 수 없습니다. 'Compiler_Cfg.h': No such file or directory [D:\__GIT_1-3-HIL\ECU\Solution\BFC\BFC.vcxproj]
  (소스 파일 '../../../../BSW/Components/VttOs/Implementation/Os_Trace.c'을(를) 컴파일하는 중)
  
  Os_Hal_Interrupt_Lcfg.c
  Os_Hal_Kernel_Lcfg.c
  Os_Hal_MemoryProtection_Lcfg.c
  Os_Hal_Timer_Lcfg.c
D:\BSW\Components\Vtt_Common\Implementation\Compiler.h(49,11): error C1083: 포함 파일을 열 수 없습니다. 'Compiler_Cfg.h': No such file or directory [D:\__GIT_1-3-HIL\ECU\Solution\BFC\BFC.vcxproj]
  (소스 파일 '../../../../BSW/Components/VttOs/Implementation/Os_XSignal.c'을(를) 컴파일하는 중)
  
D:\BSW\Components\Vtt_Common\Implementation\Compiler.h(49,11): error C1083: 포함 파일을 열 수 없습니다. 'Compiler_Cfg.h': No such file or directory [D:\__GIT_1-3-HIL\ECU\Solution\BFC\BFC.vcxproj]
  (소스 파일 '../../BFC/Appl/Source/Os_Callout_Stubs.c'을(를) 컴파일하는 중)
  
D:\BSW\Components\Vtt_Common\Implementation\Compiler.h(49,11): error C1083: 포함 파일을 열 수 없습니다. 'Compiler_Cfg.h': No such file or directory [D:\__GIT_1-3-HIL\ECU\Solution\BFC\BFC.vcxproj]
  (소스 파일 '../../BFC/Appl/GenDataVtt/Os_AccessCheck_Lcfg.c'을(를) 컴파일하는 중)
  
D:\BSW\Components\Vtt_Common\Implementation\Compiler.h(49,11): error C1083: 포함 파일을 열 수 없습니다. 'Compiler_Cfg.h': No such file or directory [D:\__GIT_1-3-HIL\ECU\Solution\BFC\BFC.vcxproj]
  (소스 파일 '../../BFC/Appl/GenDataVtt/Os_Alarm_Lcfg.c'을(를) 컴파일하는 중)
  
D:\BSW\Components\Vtt_Common\Implementation\Compiler.h(49,11): error C1083: 포함 파일을 열 수 없습니다. 'Compiler_Cfg.h': No such file or directory [D:\__GIT_1-3-HIL\ECU\Solution\BFC\BFC.vcxproj]
  (소스 파일 '../../BFC/Appl/GenDataVtt/Os_Barrier_Lcfg.c'을(를) 컴파일하는 중)
  
  Os_Hal_Vtt_LCfg.c
  Os_Hook_Lcfg.c
D:\BSW\Components\Vtt_Common\Implementation\Compiler.h(49,11): error C1083: 포함 파일을 열 수 없습니다. 'Compiler_Cfg.h': No such file or directory [D:\__GIT_1-3-HIL\ECU\Solution\BFC\BFC.vcxproj]
  (소스 파일 '../../BFC/Appl/GenDataVtt/Os_Application_Lcfg.c'을(를) 컴파일하는 중)
  
  Os_Ioc_Lcfg.c
D:\BSW\Components\Vtt_Common\Implementation\Compiler.h(49,11): error C1083: 포함 파일을 열 수 없습니다. 'Compiler_Cfg.h': No such file or directory [D:\__GIT_1-3-HIL\ECU\Solution\BFC\BFC.vcxproj]
  (소스 파일 '../../BFC/Appl/GenDataVtt/Os_Core_Lcfg.c'을(를) 컴파일하는 중)
  
  Os_Isr_Lcfg.c
  Os_MemoryProtection_Lcfg.c
  Os_Peripheral_Lcfg.c
  Os_Resource_Lcfg.c
D:\BSW\Components\Vtt_Common\Implementation\Compiler.h(49,11): error C1083: 포함 파일을 열 수 없습니다. 'Compiler_Cfg.h': No such file or directory [D:\__GIT_1-3-HIL\ECU\Solution\BFC\BFC.vcxproj]
  (소스 파일 '../../BFC/Appl/GenDataVtt/Os_Counter_Lcfg.c'을(를) 컴파일하는 중)
  
D:\BSW\Components\Vtt_Common\Implementation\Compiler.h(49,11): error C1083: 포함 파일을 열 수 없습니다. 'Compiler_Cfg.h': No such file or directory [D:\__GIT_1-3-HIL\ECU\Solution\BFC\BFC.vcxproj]
  (소스 파일 '../../BFC/Appl/GenDataVtt/Os_Error_Lcfg.c'을(를) 컴파일하는 중)
  
  Os_Scheduler_Lcfg.c
  Os_ScheduleTable_Lcfg.c
D:\BSW\Components\Vtt_Common\Implementation\Compiler.h(49,11): error C1083: 포함 파일을 열 수 없습니다. 'Compiler_Cfg.h': No such file or directory [D:\__GIT_1-3-HIL\ECU\Solution\BFC\BFC.vcxproj]
  (소스 파일 '../../BFC/Appl/GenDataVtt/Os_Hal_Context_Lcfg.c'을(를) 컴파일하는 중)
  
D:\BSW\Components\Vtt_Common\Implementation\Compiler.h(49,11): error C1083: 포함 파일을 열 수 없습니다. 'Compiler_Cfg.h': No such file or directory [D:\__GIT_1-3-HIL\ECU\Solution\BFC\BFC.vcxproj]
  (소스 파일 '../../BFC/Appl/GenDataVtt/Os_Hal_Entry_Lcfg.c'을(를) 컴파일하는 중)
  
D:\BSW\Components\Vtt_Common\Implementation\Compiler.h(49,11): error C1083: 포함 파일을 열 수 없습니다. 'Compiler_Cfg.h': No such file or directory [D:\__GIT_1-3-HIL\ECU\Solution\BFC\BFC.vcxproj]
  (소스 파일 '../../BFC/Appl/GenDataVtt/Os_Hal_Interrupt_Lcfg.c'을(를) 컴파일하는 중)
  
D:\BSW\Components\Vtt_Common\Implementation\Compiler.h(49,11): error C1083: 포함 파일을 열 수 없습니다. 'Compiler_Cfg.h': No such file or directory [D:\__GIT_1-3-HIL\ECU\Solution\BFC\BFC.vcxproj]
  (소스 파일 '../../BFC/Appl/GenDataVtt/Os_Hal_Kernel_Lcfg.c'을(를) 컴파일하는 중)
  
D:\BSW\Components\Vtt_Common\Implementation\Compiler.h(49,11): error C1083: 포함 파일을 열 수 없습니다. 'Compiler_Cfg.h': No such file or directory [D:\__GIT_1-3-HIL\ECU\Solution\BFC\BFC.vcxproj]
  (소스 파일 '../../BFC/Appl/GenDataVtt/Os_Hal_Core_Lcfg.c'을(를) 컴파일하는 중)
  
  Os_ServiceFunction_Lcfg.c
  Os_Spinlock_Lcfg.c
D:\BSW\Components\Vtt_Common\Implementation\Compiler.h(49,11): error C1083: 포함 파일을 열 수 없습니다. 'Compiler_Cfg.h': No such file or directory [D:\__GIT_1-3-HIL\ECU\Solution\BFC\BFC.vcxproj]
  (소스 파일 '../../BFC/Appl/GenDataVtt/Os_Hal_MemoryProtection_Lcfg.c'을(를) 컴파일하는 중)
  
  Os_Stack_Lcfg.c
D:\BSW\Components\Vtt_Common\Implementation\Compiler.h(49,11): error C1083: 포함 파일을 열 수 없습니다. 'Compiler_Cfg.h': No such file or directory [D:\__GIT_1-3-HIL\ECU\Solution\BFC\BFC.vcxproj]
  (소스 파일 '../../BFC/Appl/GenDataVtt/Os_Hal_Timer_Lcfg.c'을(를) 컴파일하는 중)
  
  Os_Task_Lcfg.c
  Os_TimingProtection_Lcfg.c
D:\BSW\Components\Vtt_Common\Implementation\Compiler.h(49,11): error C1083: 포함 파일을 열 수 없습니다. 'Compiler_Cfg.h': No such file or directory [D:\__GIT_1-3-HIL\ECU\Solution\BFC\BFC.vcxproj]
  (소스 파일 '../../BFC/Appl/GenDataVtt/Os_Hook_Lcfg.c'을(를) 컴파일하는 중)
  
  Os_Trace_Lcfg.c
  Os_XSignal_Lcfg.c
  VttPlatformEmu_cfg.c
D:\BSW\Components\Vtt_Common\Implementation\Compiler.h(49,11): error C1083: 포함 파일을 열 수 없습니다. 'Compiler_Cfg.h': No such file or directory [D:\__GIT_1-3-HIL\ECU\Solution\BFC\BFC.vcxproj]
  (소스 파일 '../../BFC/Appl/GenDataVtt/Os_Hal_Vtt_LCfg.c'을(를) 컴파일하는 중)
  
D:\BSW\Components\Vtt_Common\Implementation\Compiler.h(49,11): error C1083: 포함 파일을 열 수 없습니다. 'Compiler_Cfg.h': No such file or directory [D:\__GIT_1-3-HIL\ECU\Solution\BFC\BFC.vcxproj]
  (소스 파일 '../../BFC/Appl/GenDataVtt/Os_Ioc_Lcfg.c'을(를) 컴파일하는 중)
  
D:\BSW\Components\Vtt_Common\Implementation\Compiler.h(49,11): error C1083: 포함 파일을 열 수 없습니다. 'Compiler_Cfg.h': No such file or directory [D:\__GIT_1-3-HIL\ECU\Solution\BFC\BFC.vcxproj]
  (소스 파일 '../../BFC/Appl/GenDataVtt/Os_MemoryProtection_Lcfg.c'을(를) 컴파일하는 중)
  
D:\BSW\Components\Vtt_Common\Implementation\Compiler.h(49,11): error C1083: 포함 파일을 열 수 없습니다. 'Compiler_Cfg.h': No such file or directory [D:\__GIT_1-3-HIL\ECU\Solution\BFC\BFC.vcxproj]
  (소스 파일 '../../BFC/Appl/GenDataVtt/Os_Isr_Lcfg.c'을(를) 컴파일하는 중)
  
D:\BSW\Components\Vtt_Common\Implementation\Compiler.h(49,11): error C1083: 포함 파일을 열 수 없습니다. 'Compiler_Cfg.h': No such file or directory [D:\__GIT_1-3-HIL\ECU\Solution\BFC\BFC.vcxproj]
  (소스 파일 '../../BFC/Appl/GenDataVtt/Os_Peripheral_Lcfg.c'을(를) 컴파일하는 중)
  
D:\BSW\Components\Vtt_Common\Implementation\Compiler.h(49,11): error C1083: 포함 파일을 열 수 없습니다. 'Compiler_Cfg.h': No such file or directory [D:\__GIT_1-3-HIL\ECU\Solution\BFC\BFC.vcxproj]
  (소스 파일 '../../BFC/Appl/GenDataVtt/Os_Resource_Lcfg.c'을(를) 컴파일하는 중)
  
  Port.c
  Port_PBcfg.c
  Vtt_Hook.c
  Vtt_Hook_NvM.c
  Vtt_Hook_Dcm.c
  Vtt_Hook_Os_OsCore_swc.c
D:\BSW\Components\Vtt_Common\Implementation\Compiler.h(49,11): error C1083: 포함 파일을 열 수 없습니다. 'Compiler_Cfg.h': No such file or directory [D:\__GIT_1-3-HIL\ECU\Solution\BFC\BFC.vcxproj]
  (소스 파일 '../../BFC/Appl/GenDataVtt/Os_ScheduleTable_Lcfg.c'을(를) 컴파일하는 중)
  
D:\BSW\Components\Vtt_Common\Implementation\Compiler.h(49,11): error C1083: 포함 파일을 열 수 없습니다. 'Compiler_Cfg.h': No such file or directory [D:\__GIT_1-3-HIL\ECU\Solution\BFC\BFC.vcxproj]
  (소스 파일 '../../BFC/Appl/GenDataVtt/Os_Scheduler_Lcfg.c'을(를) 컴파일하는 중)
  
D:\BSW\Components\Vtt_Common\Implementation\Compiler.h(49,11): error C1083: 포함 파일을 열 수 없습니다. 'Compiler_Cfg.h': No such file or directory [D:\__GIT_1-3-HIL\ECU\Solution\BFC\BFC.vcxproj]
  (소스 파일 '../../BFC/Appl/GenDataVtt/Os_ServiceFunction_Lcfg.c'을(를) 컴파일하는 중)
  
D:\BSW\Components\Vtt_Common\Implementation\Compiler.h(49,11): error C1083: 포함 파일을 열 수 없습니다. 'Compiler_Cfg.h': No such file or directory [D:\__GIT_1-3-HIL\ECU\Solution\BFC\BFC.vcxproj]
  (소스 파일 '../../BFC/Appl/GenDataVtt/Os_Spinlock_Lcfg.c'을(를) 컴파일하는 중)
  
  Vtt_Hook_DemSatellite_Invalid_OsApplication.c
  Vtt_Hook_DemMaster_Invalid_OsApplication.c
  Vtt_Hook_BSW_Handler.c
D:\BSW\Components\Vtt_Common\Implementation\Compiler.h(49,11): error C1083: 포함 파일을 열 수 없습니다. 'Compiler_Cfg.h': No such file or directory [D:\__GIT_1-3-HIL\ECU\Solution\BFC\BFC.vcxproj]
  (소스 파일 '../../BFC/Appl/GenDataVtt/Os_Stack_Lcfg.c'을(를) 컴파일하는 중)
  
  Vtt_Hook_IoHwAb.c
  Vtt_Hook_LightCtrl.c
D:\BSW\Components\Vtt_Common\Implementation\Compiler.h(49,11): error C1083: 포함 파일을 열 수 없습니다. 'Compiler_Cfg.h': No such file or directory [D:\__GIT_1-3-HIL\ECU\Solution\BFC\BFC.vcxproj]
  (소스 파일 '../../BFC/Appl/GenDataVtt/Os_Task_Lcfg.c'을(를) 컴파일하는 중)
  
D:\BSW\Components\Vtt_Common\Implementation\Compiler.h(49,11): error C1083: 포함 파일을 열 수 없습니다. 'Compiler_Cfg.h': No such file or directory [D:\__GIT_1-3-HIL\ECU\Solution\BFC\BFC.vcxproj]
  (소스 파일 '../../BFC/Appl/GenDataVtt/Os_XSignal_Lcfg.c'을(를) 컴파일하는 중)
  
D:\BSW\Components\Vtt_Common\Implementation\Compiler.h(49,11): error C1083: 포함 파일을 열 수 없습니다. 'Compiler_Cfg.h': No such file or directory [D:\__GIT_1-3-HIL\ECU\Solution\BFC\BFC.vcxproj]
  (소스 파일 '../../BFC/Appl/GenDataVtt/Os_Trace_Lcfg.c'을(를) 컴파일하는 중)
  
D:\BSW\Components\Vtt_Common\Implementation\Compiler.h(49,11): error C1083: 포함 파일을 열 수 없습니다. 'Compiler_Cfg.h': No such file or directory [D:\__GIT_1-3-HIL\ECU\Solution\BFC\BFC.vcxproj]
  (소스 파일 '../../BFC/Appl/GenDataVtt/Os_TimingProtection_Lcfg.c'을(를) 컴파일하는 중)
  
  Vtt_Hook_EcuM.c
  Vtt_Hook_Det.c
  Vtt_Hook_ComM.c
D:\BSW\Components\Vtt_Common\Implementation\Compiler.h(49,11): error C1083: 포함 파일을 열 수 없습니다. 'Compiler_Cfg.h': No such file or directory [D:\__GIT_1-3-HIL\ECU\Solution\BFC\BFC.vcxproj]
  (소스 파일 '../../../../BSW/Components/VttPort/Implementation/Port.c'을(를) 컴파일하는 중)
  
D:\BSW\Components\Vtt_Common\Implementation\Compiler.h(49,11): error C1083: 포함 파일을 열 수 없습니다. 'Compiler_Cfg.h': No such file or directory [D:\__GIT_1-3-HIL\ECU\Solution\BFC\BFC.vcxproj]
  (소스 파일 '../../BFC/Appl/GenDataVtt/Port_PBcfg.c'을(를) 컴파일하는 중)
  
  Vtt_Hook_BswM.c
  Vtt_CustomVars.c
D:\BSW\Components\Vtt_Common\Implementation\Compiler.h(49,11): error C1083: 포함 파일을 열 수 없습니다. 'Compiler_Cfg.h': No such file or directory [D:\__GIT_1-3-HIL\ECU\Solution\BFC\BFC.vcxproj]
  (소스 파일 '../../BFC/Appl/GenDataVtt/Vtt_Hook.c'을(를) 컴파일하는 중)
  
D:\BSW\Components\Vtt_Common\Implementation\Compiler.h(49,11): error C1083: 포함 파일을 열 수 없습니다. 'Compiler_Cfg.h': No such file or directory [D:\__GIT_1-3-HIL\ECU\Solution\BFC\BFC.vcxproj]
  (소스 파일 '../../BFC/Appl/GenDataVtt/VttPlatformEmu_cfg.c'을(를) 컴파일하는 중)
  
  Vtt_Config.c
D:\BSW\Components\Vtt_Common\Implementation\Compiler.h(49,11): error C1083: 포함 파일을 열 수 없습니다. 'Compiler_Cfg.h': No such file or directory [D:\__GIT_1-3-HIL\ECU\Solution\BFC\BFC.vcxproj]
  (소스 파일 '../../BFC/Appl/GenDataVtt/Vtt_Hook_Dcm.c'을(를) 컴파일하는 중)
  
D:\BSW\Components\Vtt_Common\Implementation\Compiler.h(49,11): error C1083: 포함 파일을 열 수 없습니다. 'Compiler_Cfg.h': No such file or directory [D:\__GIT_1-3-HIL\ECU\Solution\BFC\BFC.vcxproj]
  (소스 파일 '../../BFC/Appl/GenDataVtt/Vtt_Hook_Os_OsCore_swc.c'을(를) 컴파일하는 중)
  
D:\BSW\Components\Vtt_Common\Implementation\Compiler.h(49,11): error C1083: 포함 파일을 열 수 없습니다. 'Compiler_Cfg.h': No such file or directory [D:\__GIT_1-3-HIL\ECU\Solution\BFC\BFC.vcxproj]
  (소스 파일 '../../BFC/Appl/GenDataVtt/Vtt_Hook_NvM.c'을(를) 컴파일하는 중)
  
D:\BSW\Components\Vtt_Common\Implementation\Compiler.h(49,11): error C1083: 포함 파일을 열 수 없습니다. 'Compiler_Cfg.h': No such file or directory [D:\__GIT_1-3-HIL\ECU\Solution\BFC\BFC.vcxproj]
  (소스 파일 '../../BFC/Appl/GenDataVtt/Vtt_Hook_DemSatellite_Invalid_OsApplication.c'을(를) 컴파일하는 중)
  
D:\BSW\Components\Vtt_Common\Implementation\Compiler.h(49,11): error C1083: 포함 파일을 열 수 없습니다. 'Compiler_Cfg.h': No such file or directory [D:\__GIT_1-3-HIL\ECU\Solution\BFC\BFC.vcxproj]
  (소스 파일 '../../BFC/Appl/GenDataVtt/Vtt_Hook_BSW_Handler.c'을(를) 컴파일하는 중)
  
D:\BSW\Components\Vtt_Common\Implementation\Compiler.h(49,11): error C1083: 포함 파일을 열 수 없습니다. 'Compiler_Cfg.h': No such file or directory [D:\__GIT_1-3-HIL\ECU\Solution\BFC\BFC.vcxproj]
  (소스 파일 '../../BFC/Appl/GenDataVtt/Vtt_Hook_DemMaster_Invalid_OsApplication.c'을(를) 컴파일하는 중)
  
D:\BSW\Components\Vtt_Common\Implementation\Compiler.h(49,11): error C1083: 포함 파일을 열 수 없습니다. 'Compiler_Cfg.h': No such file or directory [D:\__GIT_1-3-HIL\ECU\Solution\BFC\BFC.vcxproj]
  (소스 파일 '../../BFC/Appl/GenDataVtt/Vtt_Hook_IoHwAb.c'을(를) 컴파일하는 중)
  
D:\BSW\Components\Vtt_Common\Implementation\Compiler.h(49,11): error C1083: 포함 파일을 열 수 없습니다. 'Compiler_Cfg.h': No such file or directory [D:\__GIT_1-3-HIL\ECU\Solution\BFC\BFC.vcxproj]
  (소스 파일 '../../BFC/Appl/GenDataVtt/Vtt_Hook_LightCtrl.c'을(를) 컴파일하는 중)
  
D:\BSW\Components\Vtt_Common\Implementation\Compiler.h(49,11): error C1083: 포함 파일을 열 수 없습니다. 'Compiler_Cfg.h': No such file or directory [D:\__GIT_1-3-HIL\ECU\Solution\BFC\BFC.vcxproj]
  (소스 파일 '../../BFC/Appl/GenDataVtt/Vtt_Hook_EcuM.c'을(를) 컴파일하는 중)
  
D:\BSW\Components\Vtt_Common\Implementation\Compiler.h(49,11): error C1083: 포함 파일을 열 수 없습니다. 'Compiler_Cfg.h': No such file or directory [D:\__GIT_1-3-HIL\ECU\Solution\BFC\BFC.vcxproj]
  (소스 파일 '../../BFC/Appl/GenDataVtt/Vtt_Hook_ComM.c'을(를) 컴파일하는 중)
  
D:\BSW\Components\Vtt_Common\Implementation\Compiler.h(49,11): error C1083: 포함 파일을 열 수 없습니다. 'Compiler_Cfg.h': No such file or directory [D:\__GIT_1-3-HIL\ECU\Solution\BFC\BFC.vcxproj]
  (소스 파일 '../../BFC/Appl/GenDataVtt/Vtt_Hook_Det.c'을(를) 컴파일하는 중)
  
D:\BSW\Components\Vtt_Common\Implementation\Compiler.h(49,11): error C1083: 포함 파일을 열 수 없습니다. 'Compiler_Cfg.h': No such file or directory [D:\__GIT_1-3-HIL\ECU\Solution\BFC\BFC.vcxproj]
  (소스 파일 '../../BFC/Appl/GenDataVtt/Vtt_CustomVars.c'을(를) 컴파일하는 중)
  
D:\BSW\Components\Vtt_Common\Implementation\Compiler.h(49,11): error C1083: 포함 파일을 열 수 없습니다. 'Compiler_Cfg.h': No such file or directory [D:\__GIT_1-3-HIL\ECU\Solution\BFC\BFC.vcxproj]
  (소스 파일 '../../BFC/Appl/GenDataVtt/Vtt_Hook_BswM.c'을(를) 컴파일하는 중)
  
