d:\__git_1-3-hil\ecu\solution\bfc\debug_vc143\cantp.obj
d:\__git_1-3-hil\ecu\solution\bfc\debug_vc143\comm_errorreporting.obj
d:\__git_1-3-hil\ecu\solution\bfc\debug_vc143\comm_lcfg.obj
d:\__git_1-3-hil\ecu\solution\bfc\debug_vc143\dcm_svc07.obj
d:\__git_1-3-hil\ecu\solution\bfc\debug_vc143\dcm_svc11.obj
d:\__git_1-3-hil\ecu\solution\bfc\debug_vc143\dcm_svc85.obj
d:\__git_1-3-hil\ecu\solution\bfc\debug_vc143\nvm_memifabstraction.obj
d:\__git_1-3-hil\ecu\solution\bfc\debug_vc143\pdur.obj
d:\__git_1-3-hil\ecu\solution\bfc\debug_vc143\pdur_pbcfg.obj
d:\__git_1-3-hil\ecu\solution\bfc\debug_vc143\can_irq.obj
d:\__git_1-3-hil\ecu\solution\bfc\debug_vc143\vttcntrl_base.obj
d:\__git_1-3-hil\ecu\solution\bfc\debug_vc143\os_fifo08.obj
d:\__git_1-3-hil\ecu\solution\bfc\debug_vc143\os_priorityqueue.obj
d:\__git_1-3-hil\ecu\solution\bfc\debug_vc143\os_alarm_lcfg.obj
d:\__git_1-3-hil\ecu\solution\bfc\debug_vc143\os_memoryprotection_lcfg.obj
d:\__git_1-3-hil\ecu\solution\bfc\debug_vc143\vtt_hook.obj
d:\__git_1-3-hil\ecu\solution\bfc\debug_vc143\vtt_hook_demsatellite_invalid_osapplication.obj
d:\__git_1-3-hil\ecu\solution\bfc\debug_vc143\vtt_hook_ecum.obj
d:\__git_1-3-hil\ecu\solution\bfc\debug_vc143\cansm_lcfg.obj
d:\__git_1-3-hil\ecu\solution\bfc\debug_vc143\comm_channel_statusandstate.obj
d:\__git_1-3-hil\ecu\solution\bfc\debug_vc143\comm_user.obj
d:\__git_1-3-hil\ecu\solution\bfc\debug_vc143\dcm_obddtcmgr.obj
d:\__git_1-3-hil\ecu\solution\bfc\debug_vc143\dcm_obdidmgr.obj
d:\__git_1-3-hil\ecu\solution\bfc\debug_vc143\dcm_svc22.obj
d:\__git_1-3-hil\ecu\solution\bfc\debug_vc143\dcm_lcfg.obj
d:\__git_1-3-hil\ecu\solution\bfc\debug_vc143\pdur_multiplesourcehandler.obj
d:\__git_1-3-hil\ecu\solution\bfc\debug_vc143\pdur_lcfg.obj
d:\__git_1-3-hil\ecu\solution\bfc\debug_vc143\os_error.obj
d:\__git_1-3-hil\ecu\solution\bfc\debug_vc143\os_lock.obj
d:\__git_1-3-hil\ecu\solution\bfc\debug_vc143\os_trace.obj
d:\__git_1-3-hil\ecu\solution\bfc\debug_vc143\os_hal_memoryprotection_lcfg.obj
d:\__git_1-3-hil\ecu\solution\bfc\debug_vc143\os_trace_lcfg.obj
d:\__git_1-3-hil\ecu\solution\bfc\debug_vc143\vttcntrl_fls_cfg.obj
d:\__git_1-3-hil\ecu\solution\bfc\debug_vc143\com_lcfg.obj
d:\__git_1-3-hil\ecu\solution\bfc\debug_vc143\comm_nvm.obj
d:\__git_1-3-hil\ecu\solution\bfc\debug_vc143\dcm_diag.obj
d:\__git_1-3-hil\ecu\solution\bfc\debug_vc143\dcm_svc02.obj
d:\__git_1-3-hil\ecu\solution\bfc\debug_vc143\dcm_svc04.obj
d:\__git_1-3-hil\ecu\solution\bfc\debug_vc143\dcm_svc09.obj
d:\__git_1-3-hil\ecu\solution\bfc\debug_vc143\dcm_svc19.obj
d:\__git_1-3-hil\ecu\solution\bfc\debug_vc143\dcm_tsk.obj
d:\__git_1-3-hil\ecu\solution\bfc\debug_vc143\nvm_mac.obj
d:\__git_1-3-hil\ecu\solution\bfc\debug_vc143\nvm_cfg.obj
d:\__git_1-3-hil\ecu\solution\bfc\debug_vc143\pdur_reporting.obj
d:\__git_1-3-hil\ecu\solution\bfc\debug_vc143\pdur_rmtp_txinst.obj
d:\__git_1-3-hil\ecu\solution\bfc\debug_vc143\os_accesscheck.obj
d:\__git_1-3-hil\ecu\solution\bfc\debug_vc143\os_fiforef.obj
d:\__git_1-3-hil\ecu\solution\bfc\debug_vc143\os_scheduletable.obj
d:\__git_1-3-hil\ecu\solution\bfc\debug_vc143\os_core_lcfg.obj
d:\__git_1-3-hil\ecu\solution\bfc\debug_vc143\os_resource_lcfg.obj
d:\__git_1-3-hil\ecu\solution\bfc\debug_vc143\canif_lcfg.obj
d:\__git_1-3-hil\ecu\solution\bfc\debug_vc143\comm_modeinhibition.obj
d:\__git_1-3-hil\ecu\solution\bfc\debug_vc143\dcm_demif.obj
d:\__git_1-3-hil\ecu\solution\bfc\debug_vc143\dcm_ridmgr.obj
d:\__git_1-3-hil\ecu\solution\bfc\debug_vc143\dcm_svc2aschd.obj
d:\__git_1-3-hil\ecu\solution\bfc\debug_vc143\dcm_svc2e.obj
d:\__git_1-3-hil\ecu\solution\bfc\debug_vc143\dem_lcfg.obj
d:\__git_1-3-hil\ecu\solution\bfc\debug_vc143\pdur_rmif.obj
d:\__git_1-3-hil\ecu\solution\bfc\debug_vc143\rte.obj
d:\__git_1-3-hil\ecu\solution\bfc\debug_vc143\dio.obj
d:\__git_1-3-hil\ecu\solution\bfc\debug_vc143\os_bit.obj
d:\__git_1-3-hil\ecu\solution\bfc\debug_vc143\os_interrupt.obj
d:\__git_1-3-hil\ecu\solution\bfc\debug_vc143\os_task.obj
d:\__git_1-3-hil\ecu\solution\bfc\debug_vc143\os_hal_entry_lcfg.obj
d:\__git_1-3-hil\ecu\solution\bfc\debug_vc143\os_task_lcfg.obj
d:\__git_1-3-hil\ecu\solution\bfc\debug_vc143\bswm_callout_stubs.obj
d:\__git_1-3-hil\ecu\solution\bfc\debug_vc143\dcm_svc2f.obj
d:\__git_1-3-hil\ecu\solution\bfc\debug_vc143\det.obj
d:\__git_1-3-hil\ecu\solution\bfc\debug_vc143\nvm_act.obj
d:\__git_1-3-hil\ecu\solution\bfc\debug_vc143\pdur_ifq.obj
d:\__git_1-3-hil\ecu\solution\bfc\debug_vc143\pdur_rmif_queueprocessing.obj
d:\__git_1-3-hil\ecu\solution\bfc\debug_vc143\mcu.obj
d:\__git_1-3-hil\ecu\solution\bfc\debug_vc143\os_application.obj
d:\__git_1-3-hil\ecu\solution\bfc\debug_vc143\os_hal_core.obj
d:\__git_1-3-hil\ecu\solution\bfc\debug_vc143\os_spinlock.obj
d:\__git_1-3-hil\ecu\solution\bfc\debug_vc143\os_error_lcfg.obj
d:\__git_1-3-hil\ecu\solution\bfc\debug_vc143\os_servicefunction_lcfg.obj
d:\__git_1-3-hil\ecu\solution\bfc\debug_vc143\canif.obj
d:\__git_1-3-hil\ecu\solution\bfc\debug_vc143\comm_mainfunction.obj
d:\__git_1-3-hil\ecu\solution\bfc\debug_vc143\dcm_cfgwrap.obj
d:\__git_1-3-hil\ecu\solution\bfc\debug_vc143\dcm_pagedbuffer.obj
d:\__git_1-3-hil\ecu\solution\bfc\debug_vc143\dcm_svc29.obj
d:\__git_1-3-hil\ecu\solution\bfc\debug_vc143\dcm_svc2cdefmgr.obj
d:\__git_1-3-hil\ecu\solution\bfc\debug_vc143\dcm_svc31.obj
d:\__git_1-3-hil\ecu\solution\bfc\debug_vc143\det_cfg.obj
d:\__git_1-3-hil\ecu\solution\bfc\debug_vc143\ecum_init_pbcfg.obj
d:\__git_1-3-hil\ecu\solution\bfc\debug_vc143\ecum_init_cfg.obj
d:\__git_1-3-hil\ecu\solution\bfc\debug_vc143\memif.obj
d:\__git_1-3-hil\ecu\solution\bfc\debug_vc143\nvm_crc.obj
d:\__git_1-3-hil\ecu\solution\bfc\debug_vc143\nvm_queue.obj
d:\__git_1-3-hil\ecu\solution\bfc\debug_vc143\pdur_mcq.obj
d:\__git_1-3-hil\ecu\solution\bfc\debug_vc143\pdur_rpg.obj
d:\__git_1-3-hil\ecu\solution\bfc\debug_vc143\vttcntrl_mcu.obj
d:\__git_1-3-hil\ecu\solution\bfc\debug_vc143\os_counter.obj
d:\__git_1-3-hil\ecu\solution\bfc\debug_vc143\os_job.obj
d:\__git_1-3-hil\ecu\solution\bfc\debug_vc143\os_trap.obj
d:\__git_1-3-hil\ecu\solution\bfc\debug_vc143\os_hal_vtt_lcfg.obj
d:\__git_1-3-hil\ecu\solution\bfc\debug_vc143\os_hook_lcfg.obj
d:\__git_1-3-hil\ecu\solution\bfc\debug_vc143\port.obj
d:\__git_1-3-hil\ecu\solution\bfc\debug_vc143\vtt_hook_dcm.obj
d:\__git_1-3-hil\ecu\solution\bfc\debug_vc143\vtt_hook_iohwab.obj
d:\__git_1-3-hil\ecu\solution\bfc\debug_vc143\vtt_customvars.obj
d:\__git_1-3-hil\ecu\solution\bfc\debug_vc143\bswm_lcfg.obj
d:\__git_1-3-hil\ecu\solution\bfc\debug_vc143\dcm_svc36.obj
d:\__git_1-3-hil\ecu\solution\bfc\debug_vc143\ecum_cfg.obj
d:\__git_1-3-hil\ecu\solution\bfc\debug_vc143\nvm_memifmemorycore.obj
d:\__git_1-3-hil\ecu\solution\bfc\debug_vc143\nvm_qry.obj
d:\__git_1-3-hil\ecu\solution\bfc\debug_vc143\pdur_mm.obj
d:\__git_1-3-hil\ecu\solution\bfc\debug_vc143\pdur_rmtp_txrouting.obj
d:\__git_1-3-hil\ecu\solution\bfc\debug_vc143\dio_pbcfg.obj
d:\__git_1-3-hil\ecu\solution\bfc\debug_vc143\os_barrier.obj
d:\__git_1-3-hil\ecu\solution\bfc\debug_vc143\os_hal_processor.obj
d:\__git_1-3-hil\ecu\solution\bfc\debug_vc143\os_stack.obj
d:\__git_1-3-hil\ecu\solution\bfc\debug_vc143\os_hal_context_lcfg.obj
d:\__git_1-3-hil\ecu\solution\bfc\debug_vc143\os_spinlock_lcfg.obj
d:\__git_1-3-hil\ecu\solution\bfc\debug_vc143\fls.obj
d:\__git_1-3-hil\ecu\solution\bfc\debug_vc143\comm.obj
d:\__git_1-3-hil\ecu\solution\bfc\debug_vc143\comm_pnc_general.obj
d:\__git_1-3-hil\ecu\solution\bfc\debug_vc143\dcm_memmgr.obj
d:\__git_1-3-hil\ecu\solution\bfc\debug_vc143\dcm_mode.obj
d:\__git_1-3-hil\ecu\solution\bfc\debug_vc143\dcm_svc10.obj
d:\__git_1-3-hil\ecu\solution\bfc\debug_vc143\dcm_svc86schd.obj
d:\__git_1-3-hil\ecu\solution\bfc\debug_vc143\dcm_varmgr.obj
d:\__git_1-3-hil\ecu\solution\bfc\debug_vc143\nvm_jobproc.obj
d:\__git_1-3-hil\ecu\solution\bfc\debug_vc143\pdur_fm.obj
d:\__git_1-3-hil\ecu\solution\bfc\debug_vc143\pdur_rmtp.obj
d:\__git_1-3-hil\ecu\solution\bfc\debug_vc143\vttcntrl_cfg.obj
d:\__git_1-3-hil\ecu\solution\bfc\debug_vc143\os_alarm.obj
d:\__git_1-3-hil\ecu\solution\bfc\debug_vc143\os_fifo32.obj
d:\__git_1-3-hil\ecu\solution\bfc\debug_vc143\os_scheduler.obj
d:\__git_1-3-hil\ecu\solution\bfc\debug_vc143\os_barrier_lcfg.obj
d:\__git_1-3-hil\ecu\solution\bfc\debug_vc143\os_scheduletable_lcfg.obj
d:\__git_1-3-hil\ecu\solution\bfc\debug_vc143\bswm.obj
d:\__git_1-3-hil\ecu\solution\bfc\debug_vc143\dcm_svc2a.obj
d:\__git_1-3-hil\ecu\solution\bfc\debug_vc143\dcm_svc2c.obj
d:\__git_1-3-hil\ecu\solution\bfc\debug_vc143\dcm_svc34.obj
d:\__git_1-3-hil\ecu\solution\bfc\debug_vc143\dem_pbcfg.obj
d:\__git_1-3-hil\ecu\solution\bfc\debug_vc143\pdur_lock.obj
d:\__git_1-3-hil\ecu\solution\bfc\debug_vc143\pdur_rmtp_rxrouting.obj
d:\__git_1-3-hil\ecu\solution\bfc\debug_vc143\vttcntrl_det.obj
d:\__git_1-3-hil\ecu\solution\bfc\debug_vc143\os_fifo16.obj
d:\__git_1-3-hil\ecu\solution\bfc\debug_vc143\os_resource.obj
d:\__git_1-3-hil\ecu\solution\bfc\debug_vc143\os_application_lcfg.obj
d:\__git_1-3-hil\ecu\solution\bfc\debug_vc143\os_isr_lcfg.obj
d:\__git_1-3-hil\ecu\solution\bfc\debug_vc143\vtt_hook_nvm.obj
d:\__git_1-3-hil\ecu\solution\bfc\debug_vc143\vtt_hook_demmaster_invalid_osapplication.obj
d:\__git_1-3-hil\ecu\solution\bfc\debug_vc143\vtt_hook_det.obj
d:\__git_1-3-hil\ecu\solution\bfc\debug_vc143\fls_lcfg.obj
d:\__git_1-3-hil\ecu\solution\bfc\debug_vc143\com_pbcfg.obj
d:\__git_1-3-hil\ecu\solution\bfc\debug_vc143\comm_bussm.obj
d:\__git_1-3-hil\ecu\solution\bfc\debug_vc143\comm_multipartitionsynchronization.obj
d:\__git_1-3-hil\ecu\solution\bfc\debug_vc143\dcm_didmgr.obj
d:\__git_1-3-hil\ecu\solution\bfc\debug_vc143\dcm_svc01.obj
d:\__git_1-3-hil\ecu\solution\bfc\debug_vc143\dcm_svc03.obj
d:\__git_1-3-hil\ecu\solution\bfc\debug_vc143\dcm_svc06.obj
d:\__git_1-3-hil\ecu\solution\bfc\debug_vc143\dcm_svc0a.obj
d:\__git_1-3-hil\ecu\solution\bfc\debug_vc143\dcm_svc19uti.obj
d:\__git_1-3-hil\ecu\solution\bfc\debug_vc143\dcm_svc86.obj
d:\__git_1-3-hil\ecu\solution\bfc\debug_vc143\dcm_uti.obj
d:\__git_1-3-hil\ecu\solution\bfc\debug_vc143\nvm_dataintegrity.obj
d:\__git_1-3-hil\ecu\solution\bfc\debug_vc143\pdur_bm.obj
d:\__git_1-3-hil\ecu\solution\bfc\debug_vc143\pdur_rmtp_rxinst.obj
d:\__git_1-3-hil\ecu\solution\bfc\debug_vc143\vttcntrl_dio.obj
d:\__git_1-3-hil\ecu\solution\bfc\debug_vc143\os_bitarray.obj
d:\__git_1-3-hil\ecu\solution\bfc\debug_vc143\os_hook.obj
d:\__git_1-3-hil\ecu\solution\bfc\debug_vc143\os_thread.obj
d:\__git_1-3-hil\ecu\solution\bfc\debug_vc143\os_hal_core_lcfg.obj
d:\__git_1-3-hil\ecu\solution\bfc\debug_vc143\os_stack_lcfg.obj
d:\__git_1-3-hil\ecu\solution\bfc\debug_vc143\cantp_lcfg.obj
d:\__git_1-3-hil\ecu\solution\bfc\debug_vc143\comm_initialization.obj
d:\__git_1-3-hil\ecu\solution\bfc\debug_vc143\dcm_authmgr.obj
d:\__git_1-3-hil\ecu\solution\bfc\debug_vc143\dcm_debug.obj
d:\__git_1-3-hil\ecu\solution\bfc\debug_vc143\dcm_repeater.obj
d:\__git_1-3-hil\ecu\solution\bfc\debug_vc143\dcm_svc35.obj
d:\__git_1-3-hil\ecu\solution\bfc\debug_vc143\dcm_svc3d.obj
d:\__git_1-3-hil\ecu\solution\bfc\debug_vc143\dcm_svc3e.obj
d:\__git_1-3-hil\ecu\solution\bfc\debug_vc143\ecum_pbcfg.obj
d:\__git_1-3-hil\ecu\solution\bfc\debug_vc143\can_pbcfg.obj
d:\__git_1-3-hil\ecu\solution\bfc\debug_vc143\os_core.obj
d:\__git_1-3-hil\ecu\solution\bfc\debug_vc143\os_isr.obj
d:\__git_1-3-hil\ecu\solution\bfc\debug_vc143\os_timer.obj
d:\__git_1-3-hil\ecu\solution\bfc\debug_vc143\os_hal_kernel_lcfg.obj
d:\__git_1-3-hil\ecu\solution\bfc\debug_vc143\os_xsignal_lcfg.obj
d:\__git_1-3-hil\ecu\solution\bfc\debug_vc143\cansm.obj
d:\__git_1-3-hil\ecu\solution\bfc\debug_vc143\comm_nm.obj
d:\__git_1-3-hil\ecu\solution\bfc\debug_vc143\dcm_fblmgr.obj
d:\__git_1-3-hil\ecu\solution\bfc\debug_vc143\dcm_state.obj
d:\__git_1-3-hil\ecu\solution\bfc\debug_vc143\dcm_svc37.obj
d:\__git_1-3-hil\ecu\solution\bfc\debug_vc143\ecum.obj
d:\__git_1-3-hil\ecu\solution\bfc\debug_vc143\adc.obj
d:\__git_1-3-hil\ecu\solution\bfc\debug_vc143\adc_pbcfg.obj
d:\__git_1-3-hil\ecu\solution\bfc\debug_vc143\vttcntrl_adc_cfg.obj
d:\__git_1-3-hil\ecu\solution\bfc\debug_vc143\vttcntrl_can.obj
d:\__git_1-3-hil\ecu\solution\bfc\debug_vc143\can_lcfg.obj
d:\__git_1-3-hil\ecu\solution\bfc\debug_vc143\os_event.obj
d:\__git_1-3-hil\ecu\solution\bfc\debug_vc143\os_memoryprotection.obj
d:\__git_1-3-hil\ecu\solution\bfc\debug_vc143\os_xsignal.obj
d:\__git_1-3-hil\ecu\solution\bfc\debug_vc143\os_hal_timer_lcfg.obj
d:\__git_1-3-hil\ecu\solution\bfc\debug_vc143\vttplatformemu_cfg.obj
d:\__git_1-3-hil\ecu\solution\bfc\debug_vc143\vtt_hook_bswm.obj
d:\__git_1-3-hil\ecu\solution\bfc\debug_vc143\vttcntrl_fls.obj
d:\__git_1-3-hil\ecu\solution\bfc\debug_vc143\com_generatedmainfunctions.obj
d:\__git_1-3-hil\ecu\solution\bfc\debug_vc143\comm_ecumbswm.obj
d:\__git_1-3-hil\ecu\solution\bfc\debug_vc143\crc.obj
d:\__git_1-3-hil\ecu\solution\bfc\debug_vc143\dcm.obj
d:\__git_1-3-hil\ecu\solution\bfc\debug_vc143\dcm_rsrcmgr.obj
d:\__git_1-3-hil\ecu\solution\bfc\debug_vc143\dcm_svc27.obj
d:\__git_1-3-hil\ecu\solution\bfc\debug_vc143\dcm_pbcfg.obj
d:\__git_1-3-hil\ecu\solution\bfc\debug_vc143\pdur_qal.obj
d:\__git_1-3-hil\ecu\solution\bfc\debug_vc143\pdur_singlebuffer.obj
d:\__git_1-3-hil\ecu\solution\bfc\debug_vc143\vttcntrl_dio_cfg.obj
d:\__git_1-3-hil\ecu\solution\bfc\debug_vc143\os_deque.obj
d:\__git_1-3-hil\ecu\solution\bfc\debug_vc143\os_ioc.obj
d:\__git_1-3-hil\ecu\solution\bfc\debug_vc143\os_timingprotection.obj
d:\__git_1-3-hil\ecu\solution\bfc\debug_vc143\os_hal_interrupt_lcfg.obj
d:\__git_1-3-hil\ecu\solution\bfc\debug_vc143\os_timingprotection_lcfg.obj
d:\__git_1-3-hil\ecu\solution\bfc\debug_vc143\com_unity.obj
d:\__git_1-3-hil\ecu\solution\bfc\debug_vc143\vstdlib.obj
d:\__git_1-3-hil\ecu\solution\bfc\debug_vc143\adc_irq.obj
d:\__git_1-3-hil\ecu\solution\bfc\debug_vc143\vttcntrl_adc.obj
d:\__git_1-3-hil\ecu\solution\bfc\debug_vc143\can.obj
d:\__git_1-3-hil\ecu\solution\bfc\debug_vc143\os_fifo.obj
d:\__git_1-3-hil\ecu\solution\bfc\debug_vc143\os_peripheral.obj
d:\__git_1-3-hil\ecu\solution\bfc\debug_vc143\os_callout_stubs.obj
d:\__git_1-3-hil\ecu\solution\bfc\debug_vc143\os_accesscheck_lcfg.obj
d:\__git_1-3-hil\ecu\solution\bfc\debug_vc143\os_ioc_lcfg.obj
d:\__git_1-3-hil\ecu\solution\bfc\debug_vc143\port_pbcfg.obj
d:\__git_1-3-hil\ecu\solution\bfc\debug_vc143\vtt_hook_bsw_handler.obj
d:\__git_1-3-hil\ecu\solution\bfc\debug_vc143\vtt_hook_comm.obj
d:\__git_1-3-hil\ecu\solution\bfc\debug_vc143\cantp_pbcfg.obj
d:\__git_1-3-hil\ecu\solution\bfc\debug_vc143\comm_dcm.obj
d:\__git_1-3-hil\ecu\solution\bfc\debug_vc143\comm_util.obj
d:\__git_1-3-hil\ecu\solution\bfc\debug_vc143\dcm_net.obj
d:\__git_1-3-hil\ecu\solution\bfc\debug_vc143\dcm_svc23.obj
d:\__git_1-3-hil\ecu\solution\bfc\debug_vc143\dcm_svc24.obj
d:\__git_1-3-hil\ecu\solution\bfc\debug_vc143\dcm_svc28.obj
d:\__git_1-3-hil\ecu\solution\bfc\debug_vc143\dem.obj
d:\__git_1-3-hil\ecu\solution\bfc\debug_vc143\os_peripheral_lcfg.obj
d:\__git_1-3-hil\ecu\solution\bfc\debug_vc143\vtt_hook_os_oscore_swc.obj
d:\__git_1-3-hil\ecu\solution\bfc\debug_vc143\vtt_hook_lightctrl.obj
d:\__git_1-3-hil\ecu\solution\bfc\debug_vc143\canif_pbcfg.obj
d:\__git_1-3-hil\ecu\solution\bfc\debug_vc143\comm_channel_statetransitions.obj
d:\__git_1-3-hil\ecu\solution\bfc\debug_vc143\comm_pnc_signalprocessing.obj
d:\__git_1-3-hil\ecu\solution\bfc\debug_vc143\dcm_netpbcfg.obj
d:\__git_1-3-hil\ecu\solution\bfc\debug_vc143\dcm_svc08.obj
d:\__git_1-3-hil\ecu\solution\bfc\debug_vc143\dcm_svc14.obj
d:\__git_1-3-hil\ecu\solution\bfc\debug_vc143\dcm_tmr.obj
d:\__git_1-3-hil\ecu\solution\bfc\debug_vc143\nvm.obj
d:\__git_1-3-hil\ecu\solution\bfc\debug_vc143\pdur_evc.obj
d:\__git_1-3-hil\ecu\solution\bfc\debug_vc143\pdur_rmif_deferredprocessing.obj
d:\__git_1-3-hil\ecu\solution\bfc\debug_vc143\vttcntrl_can_cfg.obj
d:\__git_1-3-hil\ecu\solution\bfc\debug_vc143\mcu_pbcfg.obj
d:\__git_1-3-hil\ecu\solution\bfc\debug_vc143\os_arraylist.obj
d:\__git_1-3-hil\ecu\solution\bfc\debug_vc143\os_hal_entry.obj
d:\__git_1-3-hil\ecu\solution\bfc\debug_vc143\os_servicefunction.obj
d:\__git_1-3-hil\ecu\solution\bfc\debug_vc143\os_counter_lcfg.obj
d:\__git_1-3-hil\ecu\solution\bfc\debug_vc143\os_scheduler_lcfg.obj
d:\__git_1-3-hil\ecu\solution\bfc\debug_vc143\vtt_config.obj
d:\__git_1-3-hil\ecu\solution\bfc\debug_vc143\vc143.pdb
d:\__git_1-3-hil\ecu\solution\bfc\debug_vc143\bfc.tlog\cl.10656.write.1.tlog
d:\__git_1-3-hil\ecu\solution\bfc\debug_vc143\bfc.tlog\cl.command.1.tlog
d:\__git_1-3-hil\ecu\solution\bfc\debug_vc143\bfc.tlog\cl.read.1.tlog
